{"numFailedTestSuites":3,"numFailedTests":12,"numPassedTestSuites":13,"numPassedTests":266,"numPendingTestSuites":0,"numPendingTests":1,"numRuntimeErrorTestSuites":0,"numTodoTests":0,"numTotalTestSuites":16,"numTotalTests":279,"openHandles":[],"snapshot":{"added":0,"didUpdate":false,"failure":false,"filesAdded":0,"filesRemoved":0,"filesRemovedList":[],"filesUnmatched":0,"filesUpdated":0,"matched":0,"total":0,"unchecked":0,"uncheckedKeysByFile":[],"unmatched":0,"updated":0},"startTime":1766659548566,"success":false,"testResults":[{"assertionResults":[{"ancestorTitles":["LaporanController","getAbsensiLaporan"],"duration":2,"failing":false,"failureDetails":[{}],"failureMessages":["TypeError: laporanController.getAbsensiLaporan is not a function\n    at Object.getAbsensiLaporan (C:\\Users\\acer\\project-ppsi\\backend\\tests\\controllers\\laporanController.test.js:58:37)\n    at Promise.finally.completed (C:\\Users\\acer\\project-ppsi\\backend\\node_modules\\jest-circus\\build\\jestAdapterInit.js:1557:28)\n    at new Promise (<anonymous>)\n    at callAsyncCircusFn (C:\\Users\\acer\\project-ppsi\\backend\\node_modules\\jest-circus\\build\\jestAdapterInit.js:1497:10)\n    at _callCircusTest (C:\\Users\\acer\\project-ppsi\\backend\\node_modules\\jest-circus\\build\\jestAdapterInit.js:1007:40)\n    at _runTest (C:\\Users\\acer\\project-ppsi\\backend\\node_modules\\jest-circus\\build\\jestAdapterInit.js:947:3)\n    at C:\\Users\\acer\\project-ppsi\\backend\\node_modules\\jest-circus\\build\\jestAdapterInit.js:849:7\n    at _runTestsForDescribeBlock (C:\\Users\\acer\\project-ppsi\\backend\\node_modules\\jest-circus\\build\\jestAdapterInit.js:862:11)\n    at _runTestsForDescribeBlock (C:\\Users\\acer\\project-ppsi\\backend\\node_modules\\jest-circus\\build\\jestAdapterInit.js:857:11)\n    at _runTestsForDescribeBlock (C:\\Users\\acer\\project-ppsi\\backend\\node_modules\\jest-circus\\build\\jestAdapterInit.js:857:11)\n    at run (C:\\Users\\acer\\project-ppsi\\backend\\node_modules\\jest-circus\\build\\jestAdapterInit.js:761:3)\n    at runAndTransformResultsToJestFormat (C:\\Users\\acer\\project-ppsi\\backend\\node_modules\\jest-circus\\build\\jestAdapterInit.js:1918:21)\n    at jestAdapter (C:\\Users\\acer\\project-ppsi\\backend\\node_modules\\jest-circus\\build\\runner.js:101:19)\n    at runTestInternal (C:\\Users\\acer\\project-ppsi\\backend\\node_modules\\jest-runner\\build\\index.js:275:16)\n    at runTest (C:\\Users\\acer\\project-ppsi\\backend\\node_modules\\jest-runner\\build\\index.js:343:7)"],"fullName":"LaporanController getAbsensiLaporan should return 400 if startDate or endDate is missing","invocations":1,"location":null,"numPassingAsserts":0,"retryReasons":[],"startAt":1766659549202,"status":"failed","title":"should return 400 if startDate or endDate is missing"},{"ancestorTitles":["LaporanController","getAbsensiLaporan"],"duration":1,"failing":false,"failureDetails":[{}],"failureMessages":["TypeError: laporanController.getAbsensiLaporan is not a function\n    at Object.getAbsensiLaporan (C:\\Users\\acer\\project-ppsi\\backend\\tests\\controllers\\laporanController.test.js:65:37)\n    at Promise.finally.completed (C:\\Users\\acer\\project-ppsi\\backend\\node_modules\\jest-circus\\build\\jestAdapterInit.js:1557:28)\n    at new Promise (<anonymous>)\n    at callAsyncCircusFn (C:\\Users\\acer\\project-ppsi\\backend\\node_modules\\jest-circus\\build\\jestAdapterInit.js:1497:10)\n    at _callCircusTest (C:\\Users\\acer\\project-ppsi\\backend\\node_modules\\jest-circus\\build\\jestAdapterInit.js:1007:40)\n    at _runTest (C:\\Users\\acer\\project-ppsi\\backend\\node_modules\\jest-circus\\build\\jestAdapterInit.js:947:3)\n    at C:\\Users\\acer\\project-ppsi\\backend\\node_modules\\jest-circus\\build\\jestAdapterInit.js:849:7\n    at _runTestsForDescribeBlock (C:\\Users\\acer\\project-ppsi\\backend\\node_modules\\jest-circus\\build\\jestAdapterInit.js:862:11)\n    at _runTestsForDescribeBlock (C:\\Users\\acer\\project-ppsi\\backend\\node_modules\\jest-circus\\build\\jestAdapterInit.js:857:11)\n    at _runTestsForDescribeBlock (C:\\Users\\acer\\project-ppsi\\backend\\node_modules\\jest-circus\\build\\jestAdapterInit.js:857:11)\n    at run (C:\\Users\\acer\\project-ppsi\\backend\\node_modules\\jest-circus\\build\\jestAdapterInit.js:761:3)\n    at runAndTransformResultsToJestFormat (C:\\Users\\acer\\project-ppsi\\backend\\node_modules\\jest-circus\\build\\jestAdapterInit.js:1918:21)\n    at jestAdapter (C:\\Users\\acer\\project-ppsi\\backend\\node_modules\\jest-circus\\build\\runner.js:101:19)\n    at runTestInternal (C:\\Users\\acer\\project-ppsi\\backend\\node_modules\\jest-runner\\build\\index.js:275:16)\n    at runTest (C:\\Users\\acer\\project-ppsi\\backend\\node_modules\\jest-runner\\build\\index.js:343:7)"],"fullName":"LaporanController getAbsensiLaporan should return 400 if only startDate is provided","invocations":1,"location":null,"numPassingAsserts":0,"retryReasons":[],"startAt":1766659549212,"status":"failed","title":"should return 400 if only startDate is provided"},{"ancestorTitles":["LaporanController","getAbsensiLaporan"],"duration":0,"failing":false,"failureDetails":[{}],"failureMessages":["TypeError: laporanController.getAbsensiLaporan is not a function\n    at Object.getAbsensiLaporan (C:\\Users\\acer\\project-ppsi\\backend\\tests\\controllers\\laporanController.test.js:71:37)\n    at Promise.finally.completed (C:\\Users\\acer\\project-ppsi\\backend\\node_modules\\jest-circus\\build\\jestAdapterInit.js:1557:28)\n    at new Promise (<anonymous>)\n    at callAsyncCircusFn (C:\\Users\\acer\\project-ppsi\\backend\\node_modules\\jest-circus\\build\\jestAdapterInit.js:1497:10)\n    at _callCircusTest (C:\\Users\\acer\\project-ppsi\\backend\\node_modules\\jest-circus\\build\\jestAdapterInit.js:1007:40)\n    at _runTest (C:\\Users\\acer\\project-ppsi\\backend\\node_modules\\jest-circus\\build\\jestAdapterInit.js:947:3)\n    at C:\\Users\\acer\\project-ppsi\\backend\\node_modules\\jest-circus\\build\\jestAdapterInit.js:849:7\n    at _runTestsForDescribeBlock (C:\\Users\\acer\\project-ppsi\\backend\\node_modules\\jest-circus\\build\\jestAdapterInit.js:862:11)\n    at _runTestsForDescribeBlock (C:\\Users\\acer\\project-ppsi\\backend\\node_modules\\jest-circus\\build\\jestAdapterInit.js:857:11)\n    at _runTestsForDescribeBlock (C:\\Users\\acer\\project-ppsi\\backend\\node_modules\\jest-circus\\build\\jestAdapterInit.js:857:11)\n    at run (C:\\Users\\acer\\project-ppsi\\backend\\node_modules\\jest-circus\\build\\jestAdapterInit.js:761:3)\n    at runAndTransformResultsToJestFormat (C:\\Users\\acer\\project-ppsi\\backend\\node_modules\\jest-circus\\build\\jestAdapterInit.js:1918:21)\n    at jestAdapter (C:\\Users\\acer\\project-ppsi\\backend\\node_modules\\jest-circus\\build\\runner.js:101:19)\n    at runTestInternal (C:\\Users\\acer\\project-ppsi\\backend\\node_modules\\jest-runner\\build\\index.js:275:16)\n    at runTest (C:\\Users\\acer\\project-ppsi\\backend\\node_modules\\jest-runner\\build\\index.js:343:7)"],"fullName":"LaporanController getAbsensiLaporan should return 400 if only endDate is provided","invocations":1,"location":null,"numPassingAsserts":0,"retryReasons":[],"startAt":1766659549214,"status":"failed","title":"should return 400 if only endDate is provided"},{"ancestorTitles":["LaporanController","getAbsensiLaporan"],"duration":1,"failing":false,"failureDetails":[{}],"failureMessages":["TypeError: laporanController.getAbsensiLaporan is not a function\n    at Object.getAbsensiLaporan (C:\\Users\\acer\\project-ppsi\\backend\\tests\\controllers\\laporanController.test.js:79:37)\n    at Promise.finally.completed (C:\\Users\\acer\\project-ppsi\\backend\\node_modules\\jest-circus\\build\\jestAdapterInit.js:1557:28)\n    at new Promise (<anonymous>)\n    at callAsyncCircusFn (C:\\Users\\acer\\project-ppsi\\backend\\node_modules\\jest-circus\\build\\jestAdapterInit.js:1497:10)\n    at _callCircusTest (C:\\Users\\acer\\project-ppsi\\backend\\node_modules\\jest-circus\\build\\jestAdapterInit.js:1007:40)\n    at _runTest (C:\\Users\\acer\\project-ppsi\\backend\\node_modules\\jest-circus\\build\\jestAdapterInit.js:947:3)\n    at C:\\Users\\acer\\project-ppsi\\backend\\node_modules\\jest-circus\\build\\jestAdapterInit.js:849:7\n    at _runTestsForDescribeBlock (C:\\Users\\acer\\project-ppsi\\backend\\node_modules\\jest-circus\\build\\jestAdapterInit.js:862:11)\n    at _runTestsForDescribeBlock (C:\\Users\\acer\\project-ppsi\\backend\\node_modules\\jest-circus\\build\\jestAdapterInit.js:857:11)\n    at _runTestsForDescribeBlock (C:\\Users\\acer\\project-ppsi\\backend\\node_modules\\jest-circus\\build\\jestAdapterInit.js:857:11)\n    at run (C:\\Users\\acer\\project-ppsi\\backend\\node_modules\\jest-circus\\build\\jestAdapterInit.js:761:3)\n    at runAndTransformResultsToJestFormat (C:\\Users\\acer\\project-ppsi\\backend\\node_modules\\jest-circus\\build\\jestAdapterInit.js:1918:21)\n    at jestAdapter (C:\\Users\\acer\\project-ppsi\\backend\\node_modules\\jest-circus\\build\\runner.js:101:19)\n    at runTestInternal (C:\\Users\\acer\\project-ppsi\\backend\\node_modules\\jest-runner\\build\\index.js:275:16)\n    at runTest (C:\\Users\\acer\\project-ppsi\\backend\\node_modules\\jest-runner\\build\\index.js:343:7)"],"fullName":"LaporanController getAbsensiLaporan should return absensi report with photo URLs","invocations":1,"location":null,"numPassingAsserts":0,"retryReasons":[],"startAt":1766659549215,"status":"failed","title":"should return absensi report with photo URLs"},{"ancestorTitles":["LaporanController","getAbsensiLaporan"],"duration":0,"failing":false,"failureDetails":[{}],"failureMessages":["TypeError: laporanController.getAbsensiLaporan is not a function\n    at Object.getAbsensiLaporan (C:\\Users\\acer\\project-ppsi\\backend\\tests\\controllers\\laporanController.test.js:114:37)\n    at Promise.finally.completed (C:\\Users\\acer\\project-ppsi\\backend\\node_modules\\jest-circus\\build\\jestAdapterInit.js:1557:28)\n    at new Promise (<anonymous>)\n    at callAsyncCircusFn (C:\\Users\\acer\\project-ppsi\\backend\\node_modules\\jest-circus\\build\\jestAdapterInit.js:1497:10)\n    at _callCircusTest (C:\\Users\\acer\\project-ppsi\\backend\\node_modules\\jest-circus\\build\\jestAdapterInit.js:1007:40)\n    at _runTest (C:\\Users\\acer\\project-ppsi\\backend\\node_modules\\jest-circus\\build\\jestAdapterInit.js:947:3)\n    at C:\\Users\\acer\\project-ppsi\\backend\\node_modules\\jest-circus\\build\\jestAdapterInit.js:849:7\n    at _runTestsForDescribeBlock (C:\\Users\\acer\\project-ppsi\\backend\\node_modules\\jest-circus\\build\\jestAdapterInit.js:862:11)\n    at _runTestsForDescribeBlock (C:\\Users\\acer\\project-ppsi\\backend\\node_modules\\jest-circus\\build\\jestAdapterInit.js:857:11)\n    at _runTestsForDescribeBlock (C:\\Users\\acer\\project-ppsi\\backend\\node_modules\\jest-circus\\build\\jestAdapterInit.js:857:11)\n    at run (C:\\Users\\acer\\project-ppsi\\backend\\node_modules\\jest-circus\\build\\jestAdapterInit.js:761:3)\n    at runAndTransformResultsToJestFormat (C:\\Users\\acer\\project-ppsi\\backend\\node_modules\\jest-circus\\build\\jestAdapterInit.js:1918:21)\n    at jestAdapter (C:\\Users\\acer\\project-ppsi\\backend\\node_modules\\jest-circus\\build\\runner.js:101:19)\n    at runTestInternal (C:\\Users\\acer\\project-ppsi\\backend\\node_modules\\jest-runner\\build\\index.js:275:16)\n    at runTest (C:\\Users\\acer\\project-ppsi\\backend\\node_modules\\jest-runner\\build\\index.js:343:7)"],"fullName":"LaporanController getAbsensiLaporan should return 500 on database error","invocations":1,"location":null,"numPassingAsserts":0,"retryReasons":[],"startAt":1766659549217,"status":"failed","title":"should return 500 on database error"},{"ancestorTitles":["LaporanController","getInventarisStatusRealtime"],"duration":1,"failing":false,"failureDetails":[{}],"failureMessages":["TypeError: laporanController.getInventarisStatusRealtime is not a function\n    at Object.getInventarisStatusRealtime (C:\\Users\\acer\\project-ppsi\\backend\\tests\\controllers\\laporanController.test.js:131:37)\n    at Promise.finally.completed (C:\\Users\\acer\\project-ppsi\\backend\\node_modules\\jest-circus\\build\\jestAdapterInit.js:1557:28)\n    at new Promise (<anonymous>)\n    at callAsyncCircusFn (C:\\Users\\acer\\project-ppsi\\backend\\node_modules\\jest-circus\\build\\jestAdapterInit.js:1497:10)\n    at _callCircusTest (C:\\Users\\acer\\project-ppsi\\backend\\node_modules\\jest-circus\\build\\jestAdapterInit.js:1007:40)\n    at _runTest (C:\\Users\\acer\\project-ppsi\\backend\\node_modules\\jest-circus\\build\\jestAdapterInit.js:947:3)\n    at C:\\Users\\acer\\project-ppsi\\backend\\node_modules\\jest-circus\\build\\jestAdapterInit.js:849:7\n    at _runTestsForDescribeBlock (C:\\Users\\acer\\project-ppsi\\backend\\node_modules\\jest-circus\\build\\jestAdapterInit.js:862:11)\n    at _runTestsForDescribeBlock (C:\\Users\\acer\\project-ppsi\\backend\\node_modules\\jest-circus\\build\\jestAdapterInit.js:857:11)\n    at _runTestsForDescribeBlock (C:\\Users\\acer\\project-ppsi\\backend\\node_modules\\jest-circus\\build\\jestAdapterInit.js:857:11)\n    at run (C:\\Users\\acer\\project-ppsi\\backend\\node_modules\\jest-circus\\build\\jestAdapterInit.js:761:3)\n    at runAndTransformResultsToJestFormat (C:\\Users\\acer\\project-ppsi\\backend\\node_modules\\jest-circus\\build\\jestAdapterInit.js:1918:21)\n    at jestAdapter (C:\\Users\\acer\\project-ppsi\\backend\\node_modules\\jest-circus\\build\\runner.js:101:19)\n    at runTestInternal (C:\\Users\\acer\\project-ppsi\\backend\\node_modules\\jest-runner\\build\\index.js:275:16)\n    at runTest (C:\\Users\\acer\\project-ppsi\\backend\\node_modules\\jest-runner\\build\\index.js:343:7)"],"fullName":"LaporanController getInventarisStatusRealtime should return inventaris status successfully","invocations":1,"location":null,"numPassingAsserts":0,"retryReasons":[],"startAt":1766659549218,"status":"failed","title":"should return inventaris status successfully"},{"ancestorTitles":["LaporanController","getInventarisStatusRealtime"],"duration":0,"failing":false,"failureDetails":[{}],"failureMessages":["TypeError: laporanController.getInventarisStatusRealtime is not a function\n    at Object.getInventarisStatusRealtime (C:\\Users\\acer\\project-ppsi\\backend\\tests\\controllers\\laporanController.test.js:140:37)\n    at Promise.finally.completed (C:\\Users\\acer\\project-ppsi\\backend\\node_modules\\jest-circus\\build\\jestAdapterInit.js:1557:28)\n    at new Promise (<anonymous>)\n    at callAsyncCircusFn (C:\\Users\\acer\\project-ppsi\\backend\\node_modules\\jest-circus\\build\\jestAdapterInit.js:1497:10)\n    at _callCircusTest (C:\\Users\\acer\\project-ppsi\\backend\\node_modules\\jest-circus\\build\\jestAdapterInit.js:1007:40)\n    at _runTest (C:\\Users\\acer\\project-ppsi\\backend\\node_modules\\jest-circus\\build\\jestAdapterInit.js:947:3)\n    at C:\\Users\\acer\\project-ppsi\\backend\\node_modules\\jest-circus\\build\\jestAdapterInit.js:849:7\n    at _runTestsForDescribeBlock (C:\\Users\\acer\\project-ppsi\\backend\\node_modules\\jest-circus\\build\\jestAdapterInit.js:862:11)\n    at _runTestsForDescribeBlock (C:\\Users\\acer\\project-ppsi\\backend\\node_modules\\jest-circus\\build\\jestAdapterInit.js:857:11)\n    at _runTestsForDescribeBlock (C:\\Users\\acer\\project-ppsi\\backend\\node_modules\\jest-circus\\build\\jestAdapterInit.js:857:11)\n    at run (C:\\Users\\acer\\project-ppsi\\backend\\node_modules\\jest-circus\\build\\jestAdapterInit.js:761:3)\n    at runAndTransformResultsToJestFormat (C:\\Users\\acer\\project-ppsi\\backend\\node_modules\\jest-circus\\build\\jestAdapterInit.js:1918:21)\n    at jestAdapter (C:\\Users\\acer\\project-ppsi\\backend\\node_modules\\jest-circus\\build\\runner.js:101:19)\n    at runTestInternal (C:\\Users\\acer\\project-ppsi\\backend\\node_modules\\jest-runner\\build\\index.js:275:16)\n    at runTest (C:\\Users\\acer\\project-ppsi\\backend\\node_modules\\jest-runner\\build\\index.js:343:7)"],"fullName":"LaporanController getInventarisStatusRealtime should return 500 on database error","invocations":1,"location":null,"numPassingAsserts":0,"retryReasons":[],"startAt":1766659549220,"status":"failed","title":"should return 500 on database error"},{"ancestorTitles":["LaporanController","getInventarisLaporanByDate"],"duration":1,"failing":false,"failureDetails":[{}],"failureMessages":["TypeError: laporanController.getInventarisLaporanByDate is not a function\n    at Object.getInventarisLaporanByDate (C:\\Users\\acer\\project-ppsi\\backend\\tests\\controllers\\laporanController.test.js:163:37)\n    at Promise.finally.completed (C:\\Users\\acer\\project-ppsi\\backend\\node_modules\\jest-circus\\build\\jestAdapterInit.js:1557:28)\n    at new Promise (<anonymous>)\n    at callAsyncCircusFn (C:\\Users\\acer\\project-ppsi\\backend\\node_modules\\jest-circus\\build\\jestAdapterInit.js:1497:10)\n    at _callCircusTest (C:\\Users\\acer\\project-ppsi\\backend\\node_modules\\jest-circus\\build\\jestAdapterInit.js:1007:40)\n    at _runTest (C:\\Users\\acer\\project-ppsi\\backend\\node_modules\\jest-circus\\build\\jestAdapterInit.js:947:3)\n    at C:\\Users\\acer\\project-ppsi\\backend\\node_modules\\jest-circus\\build\\jestAdapterInit.js:849:7\n    at _runTestsForDescribeBlock (C:\\Users\\acer\\project-ppsi\\backend\\node_modules\\jest-circus\\build\\jestAdapterInit.js:862:11)\n    at _runTestsForDescribeBlock (C:\\Users\\acer\\project-ppsi\\backend\\node_modules\\jest-circus\\build\\jestAdapterInit.js:857:11)\n    at _runTestsForDescribeBlock (C:\\Users\\acer\\project-ppsi\\backend\\node_modules\\jest-circus\\build\\jestAdapterInit.js:857:11)\n    at run (C:\\Users\\acer\\project-ppsi\\backend\\node_modules\\jest-circus\\build\\jestAdapterInit.js:761:3)\n    at runAndTransformResultsToJestFormat (C:\\Users\\acer\\project-ppsi\\backend\\node_modules\\jest-circus\\build\\jestAdapterInit.js:1918:21)\n    at jestAdapter (C:\\Users\\acer\\project-ppsi\\backend\\node_modules\\jest-circus\\build\\runner.js:101:19)\n    at runTestInternal (C:\\Users\\acer\\project-ppsi\\backend\\node_modules\\jest-runner\\build\\index.js:275:16)\n    at runTest (C:\\Users\\acer\\project-ppsi\\backend\\node_modules\\jest-runner\\build\\index.js:343:7)"],"fullName":"LaporanController getInventarisLaporanByDate should return 400 if tanggal is missing","invocations":1,"location":null,"numPassingAsserts":0,"retryReasons":[],"startAt":1766659549222,"status":"failed","title":"should return 400 if tanggal is missing"},{"ancestorTitles":["LaporanController","getInventarisLaporanByDate"],"duration":2,"failing":false,"failureDetails":[{}],"failureMessages":["TypeError: laporanController.getInventarisLaporanByDate is not a function\n    at Object.getInventarisLaporanByDate (C:\\Users\\acer\\project-ppsi\\backend\\tests\\controllers\\laporanController.test.js:180:37)\n    at Promise.finally.completed (C:\\Users\\acer\\project-ppsi\\backend\\node_modules\\jest-circus\\build\\jestAdapterInit.js:1557:28)\n    at new Promise (<anonymous>)\n    at callAsyncCircusFn (C:\\Users\\acer\\project-ppsi\\backend\\node_modules\\jest-circus\\build\\jestAdapterInit.js:1497:10)\n    at _callCircusTest (C:\\Users\\acer\\project-ppsi\\backend\\node_modules\\jest-circus\\build\\jestAdapterInit.js:1007:40)\n    at _runTest (C:\\Users\\acer\\project-ppsi\\backend\\node_modules\\jest-circus\\build\\jestAdapterInit.js:947:3)\n    at C:\\Users\\acer\\project-ppsi\\backend\\node_modules\\jest-circus\\build\\jestAdapterInit.js:849:7\n    at _runTestsForDescribeBlock (C:\\Users\\acer\\project-ppsi\\backend\\node_modules\\jest-circus\\build\\jestAdapterInit.js:862:11)\n    at _runTestsForDescribeBlock (C:\\Users\\acer\\project-ppsi\\backend\\node_modules\\jest-circus\\build\\jestAdapterInit.js:857:11)\n    at _runTestsForDescribeBlock (C:\\Users\\acer\\project-ppsi\\backend\\node_modules\\jest-circus\\build\\jestAdapterInit.js:857:11)\n    at run (C:\\Users\\acer\\project-ppsi\\backend\\node_modules\\jest-circus\\build\\jestAdapterInit.js:761:3)\n    at runAndTransformResultsToJestFormat (C:\\Users\\acer\\project-ppsi\\backend\\node_modules\\jest-circus\\build\\jestAdapterInit.js:1918:21)\n    at jestAdapter (C:\\Users\\acer\\project-ppsi\\backend\\node_modules\\jest-circus\\build\\runner.js:101:19)\n    at runTestInternal (C:\\Users\\acer\\project-ppsi\\backend\\node_modules\\jest-runner\\build\\index.js:275:16)\n    at runTest (C:\\Users\\acer\\project-ppsi\\backend\\node_modules\\jest-runner\\build\\index.js:343:7)"],"fullName":"LaporanController getInventarisLaporanByDate should return inventaris report with parsed checklist","invocations":1,"location":null,"numPassingAsserts":0,"retryReasons":[],"startAt":1766659549224,"status":"failed","title":"should return inventaris report with parsed checklist"},{"ancestorTitles":["LaporanController","getInventarisLaporanByDate"],"duration":1,"failing":false,"failureDetails":[{}],"failureMessages":["TypeError: laporanController.getInventarisLaporanByDate is not a function\n    at Object.getInventarisLaporanByDate (C:\\Users\\acer\\project-ppsi\\backend\\tests\\controllers\\laporanController.test.js:194:37)\n    at Promise.finally.completed (C:\\Users\\acer\\project-ppsi\\backend\\node_modules\\jest-circus\\build\\jestAdapterInit.js:1557:28)\n    at new Promise (<anonymous>)\n    at callAsyncCircusFn (C:\\Users\\acer\\project-ppsi\\backend\\node_modules\\jest-circus\\build\\jestAdapterInit.js:1497:10)\n    at _callCircusTest (C:\\Users\\acer\\project-ppsi\\backend\\node_modules\\jest-circus\\build\\jestAdapterInit.js:1007:40)\n    at _runTest (C:\\Users\\acer\\project-ppsi\\backend\\node_modules\\jest-circus\\build\\jestAdapterInit.js:947:3)\n    at C:\\Users\\acer\\project-ppsi\\backend\\node_modules\\jest-circus\\build\\jestAdapterInit.js:849:7\n    at _runTestsForDescribeBlock (C:\\Users\\acer\\project-ppsi\\backend\\node_modules\\jest-circus\\build\\jestAdapterInit.js:862:11)\n    at _runTestsForDescribeBlock (C:\\Users\\acer\\project-ppsi\\backend\\node_modules\\jest-circus\\build\\jestAdapterInit.js:857:11)\n    at _runTestsForDescribeBlock (C:\\Users\\acer\\project-ppsi\\backend\\node_modules\\jest-circus\\build\\jestAdapterInit.js:857:11)\n    at run (C:\\Users\\acer\\project-ppsi\\backend\\node_modules\\jest-circus\\build\\jestAdapterInit.js:761:3)\n    at runAndTransformResultsToJestFormat (C:\\Users\\acer\\project-ppsi\\backend\\node_modules\\jest-circus\\build\\jestAdapterInit.js:1918:21)\n    at jestAdapter (C:\\Users\\acer\\project-ppsi\\backend\\node_modules\\jest-circus\\build\\runner.js:101:19)\n    at runTestInternal (C:\\Users\\acer\\project-ppsi\\backend\\node_modules\\jest-runner\\build\\index.js:275:16)\n    at runTest (C:\\Users\\acer\\project-ppsi\\backend\\node_modules\\jest-runner\\build\\index.js:343:7)"],"fullName":"LaporanController getInventarisLaporanByDate should return 500 on database error","invocations":1,"location":null,"numPassingAsserts":0,"retryReasons":[],"startAt":1766659549227,"status":"failed","title":"should return 500 on database error"},{"ancestorTitles":["LaporanController","getInventarisLaporanByDate"],"duration":null,"failing":false,"failureDetails":[],"failureMessages":[],"fullName":"LaporanController getInventarisLaporanByDate should handle invalid JSON in inventaris_checklist gracefully","invocations":1,"location":null,"numPassingAsserts":0,"retryReasons":[],"startAt":1766659549229,"status":"pending","title":"should handle invalid JSON in inventaris_checklist gracefully"}],"endTime":1766659549266,"message":"\u001b[1m\u001b[31m  \u001b[1m● \u001b[22m\u001b[1mLaporanController › getAbsensiLaporan › should return 400 if startDate or endDate is missing\u001b[39m\u001b[22m\n\n    TypeError: laporanController.getAbsensiLaporan is not a function\n\u001b[2m\u001b[22m\n\u001b[2m    \u001b[0m \u001b[90m 56 |\u001b[39m         test(\u001b[32m'should return 400 if startDate or endDate is missing'\u001b[39m\u001b[33m,\u001b[39m \u001b[36masync\u001b[39m () \u001b[33m=>\u001b[39m {\u001b[22m\n\u001b[2m     \u001b[90m 57 |\u001b[39m             req\u001b[33m.\u001b[39mquery \u001b[33m=\u001b[39m {}\u001b[33m;\u001b[39m\u001b[22m\n\u001b[2m    \u001b[31m\u001b[1m>\u001b[22m\u001b[2m\u001b[39m\u001b[90m 58 |\u001b[39m             \u001b[36mawait\u001b[39m laporanController\u001b[33m.\u001b[39mgetAbsensiLaporan(req\u001b[33m,\u001b[39m res)\u001b[33m;\u001b[39m\u001b[22m\n\u001b[2m     \u001b[90m    |\u001b[39m                                     \u001b[31m\u001b[1m^\u001b[22m\u001b[2m\u001b[39m\u001b[22m\n\u001b[2m     \u001b[90m 59 |\u001b[39m             expect(res\u001b[33m.\u001b[39mstatus)\u001b[33m.\u001b[39mtoHaveBeenCalledWith(\u001b[35m400\u001b[39m)\u001b[33m;\u001b[39m\u001b[22m\n\u001b[2m     \u001b[90m 60 |\u001b[39m             expect(res\u001b[33m.\u001b[39mjson)\u001b[33m.\u001b[39mtoHaveBeenCalledWith({ message\u001b[33m:\u001b[39m \u001b[32m'Rentang tanggal (startDate dan endDate) diperlukan.'\u001b[39m })\u001b[33m;\u001b[39m\u001b[22m\n\u001b[2m     \u001b[90m 61 |\u001b[39m         })\u001b[33m;\u001b[39m\u001b[0m\u001b[22m\n\u001b[2m\u001b[22m\n\u001b[2m      \u001b[2mat Object.getAbsensiLaporan (\u001b[22m\u001b[2m\u001b[0m\u001b[36mtests/controllers/laporanController.test.js\u001b[39m\u001b[0m\u001b[2m:58:37)\u001b[22m\u001b[2m\u001b[22m\n\n\u001b[1m\u001b[31m  \u001b[1m● \u001b[22m\u001b[1mLaporanController › getAbsensiLaporan › should return 400 if only startDate is provided\u001b[39m\u001b[22m\n\n    TypeError: laporanController.getAbsensiLaporan is not a function\n\u001b[2m\u001b[22m\n\u001b[2m    \u001b[0m \u001b[90m 63 |\u001b[39m         test(\u001b[32m'should return 400 if only startDate is provided'\u001b[39m\u001b[33m,\u001b[39m \u001b[36masync\u001b[39m () \u001b[33m=>\u001b[39m {\u001b[22m\n\u001b[2m     \u001b[90m 64 |\u001b[39m             req\u001b[33m.\u001b[39mquery \u001b[33m=\u001b[39m { startDate\u001b[33m:\u001b[39m \u001b[32m'2025-12-01'\u001b[39m }\u001b[33m;\u001b[39m\u001b[22m\n\u001b[2m    \u001b[31m\u001b[1m>\u001b[22m\u001b[2m\u001b[39m\u001b[90m 65 |\u001b[39m             \u001b[36mawait\u001b[39m laporanController\u001b[33m.\u001b[39mgetAbsensiLaporan(req\u001b[33m,\u001b[39m res)\u001b[33m;\u001b[39m\u001b[22m\n\u001b[2m     \u001b[90m    |\u001b[39m                                     \u001b[31m\u001b[1m^\u001b[22m\u001b[2m\u001b[39m\u001b[22m\n\u001b[2m     \u001b[90m 66 |\u001b[39m             expect(res\u001b[33m.\u001b[39mstatus)\u001b[33m.\u001b[39mtoHaveBeenCalledWith(\u001b[35m400\u001b[39m)\u001b[33m;\u001b[39m\u001b[22m\n\u001b[2m     \u001b[90m 67 |\u001b[39m         })\u001b[33m;\u001b[39m\u001b[22m\n\u001b[2m     \u001b[90m 68 |\u001b[39m\u001b[0m\u001b[22m\n\u001b[2m\u001b[22m\n\u001b[2m      \u001b[2mat Object.getAbsensiLaporan (\u001b[22m\u001b[2m\u001b[0m\u001b[36mtests/controllers/laporanController.test.js\u001b[39m\u001b[0m\u001b[2m:65:37)\u001b[22m\u001b[2m\u001b[22m\n\n\u001b[1m\u001b[31m  \u001b[1m● \u001b[22m\u001b[1mLaporanController › getAbsensiLaporan › should return 400 if only endDate is provided\u001b[39m\u001b[22m\n\n    TypeError: laporanController.getAbsensiLaporan is not a function\n\u001b[2m\u001b[22m\n\u001b[2m    \u001b[0m \u001b[90m 69 |\u001b[39m         test(\u001b[32m'should return 400 if only endDate is provided'\u001b[39m\u001b[33m,\u001b[39m \u001b[36masync\u001b[39m () \u001b[33m=>\u001b[39m {\u001b[22m\n\u001b[2m     \u001b[90m 70 |\u001b[39m             req\u001b[33m.\u001b[39mquery \u001b[33m=\u001b[39m { endDate\u001b[33m:\u001b[39m \u001b[32m'2025-12-09'\u001b[39m }\u001b[33m;\u001b[39m\u001b[22m\n\u001b[2m    \u001b[31m\u001b[1m>\u001b[22m\u001b[2m\u001b[39m\u001b[90m 71 |\u001b[39m             \u001b[36mawait\u001b[39m laporanController\u001b[33m.\u001b[39mgetAbsensiLaporan(req\u001b[33m,\u001b[39m res)\u001b[33m;\u001b[39m\u001b[22m\n\u001b[2m     \u001b[90m    |\u001b[39m                                     \u001b[31m\u001b[1m^\u001b[22m\u001b[2m\u001b[39m\u001b[22m\n\u001b[2m     \u001b[90m 72 |\u001b[39m             expect(res\u001b[33m.\u001b[39mstatus)\u001b[33m.\u001b[39mtoHaveBeenCalledWith(\u001b[35m400\u001b[39m)\u001b[33m;\u001b[39m\u001b[22m\n\u001b[2m     \u001b[90m 73 |\u001b[39m         })\u001b[33m;\u001b[39m\u001b[22m\n\u001b[2m     \u001b[90m 74 |\u001b[39m\u001b[0m\u001b[22m\n\u001b[2m\u001b[22m\n\u001b[2m      \u001b[2mat Object.getAbsensiLaporan (\u001b[22m\u001b[2m\u001b[0m\u001b[36mtests/controllers/laporanController.test.js\u001b[39m\u001b[0m\u001b[2m:71:37)\u001b[22m\u001b[2m\u001b[22m\n\n\u001b[1m\u001b[31m  \u001b[1m● \u001b[22m\u001b[1mLaporanController › getAbsensiLaporan › should return absensi report with photo URLs\u001b[39m\u001b[22m\n\n    TypeError: laporanController.getAbsensiLaporan is not a function\n\u001b[2m\u001b[22m\n\u001b[2m    \u001b[0m \u001b[90m 77 |\u001b[39m             \u001b[33mLaporanModel\u001b[39m\u001b[33m.\u001b[39mgetAbsensiReport\u001b[33m.\u001b[39mmockResolvedValue(mockAbsensiData)\u001b[33m;\u001b[39m\u001b[22m\n\u001b[2m     \u001b[90m 78 |\u001b[39m\u001b[22m\n\u001b[2m    \u001b[31m\u001b[1m>\u001b[22m\u001b[2m\u001b[39m\u001b[90m 79 |\u001b[39m             \u001b[36mawait\u001b[39m laporanController\u001b[33m.\u001b[39mgetAbsensiLaporan(req\u001b[33m,\u001b[39m res)\u001b[33m;\u001b[39m\u001b[22m\n\u001b[2m     \u001b[90m    |\u001b[39m                                     \u001b[31m\u001b[1m^\u001b[22m\u001b[2m\u001b[39m\u001b[22m\n\u001b[2m     \u001b[90m 80 |\u001b[39m\u001b[22m\n\u001b[2m     \u001b[90m 81 |\u001b[39m             expect(\u001b[33mLaporanModel\u001b[39m\u001b[33m.\u001b[39mgetAbsensiReport)\u001b[33m.\u001b[39mtoHaveBeenCalledWith(\u001b[22m\n\u001b[2m     \u001b[90m 82 |\u001b[39m                 \u001b[32m'2025-12-01 00:00:00'\u001b[39m\u001b[33m,\u001b[39m\u001b[0m\u001b[22m\n\u001b[2m\u001b[22m\n\u001b[2m      \u001b[2mat Object.getAbsensiLaporan (\u001b[22m\u001b[2m\u001b[0m\u001b[36mtests/controllers/laporanController.test.js\u001b[39m\u001b[0m\u001b[2m:79:37)\u001b[22m\u001b[2m\u001b[22m\n\n\u001b[1m\u001b[31m  \u001b[1m● \u001b[22m\u001b[1mLaporanController › getAbsensiLaporan › should return 500 on database error\u001b[39m\u001b[22m\n\n    TypeError: laporanController.getAbsensiLaporan is not a function\n\u001b[2m\u001b[22m\n\u001b[2m    \u001b[0m \u001b[90m 112 |\u001b[39m             \u001b[33mLaporanModel\u001b[39m\u001b[33m.\u001b[39mgetAbsensiReport\u001b[33m.\u001b[39mmockRejectedValue(\u001b[36mnew\u001b[39m \u001b[33mError\u001b[39m(\u001b[32m'DB Error'\u001b[39m))\u001b[33m;\u001b[39m\u001b[22m\n\u001b[2m     \u001b[90m 113 |\u001b[39m\u001b[22m\n\u001b[2m    \u001b[31m\u001b[1m>\u001b[22m\u001b[2m\u001b[39m\u001b[90m 114 |\u001b[39m             \u001b[36mawait\u001b[39m laporanController\u001b[33m.\u001b[39mgetAbsensiLaporan(req\u001b[33m,\u001b[39m res)\u001b[33m;\u001b[39m\u001b[22m\n\u001b[2m     \u001b[90m     |\u001b[39m                                     \u001b[31m\u001b[1m^\u001b[22m\u001b[2m\u001b[39m\u001b[22m\n\u001b[2m     \u001b[90m 115 |\u001b[39m\u001b[22m\n\u001b[2m     \u001b[90m 116 |\u001b[39m             expect(res\u001b[33m.\u001b[39mstatus)\u001b[33m.\u001b[39mtoHaveBeenCalledWith(\u001b[35m500\u001b[39m)\u001b[33m;\u001b[39m\u001b[22m\n\u001b[2m     \u001b[90m 117 |\u001b[39m             expect(res\u001b[33m.\u001b[39mjson)\u001b[33m.\u001b[39mtoHaveBeenCalledWith({ message\u001b[33m:\u001b[39m \u001b[32m'Gagal mengambil laporan absensi'\u001b[39m })\u001b[33m;\u001b[39m\u001b[0m\u001b[22m\n\u001b[2m\u001b[22m\n\u001b[2m      \u001b[2mat Object.getAbsensiLaporan (\u001b[22m\u001b[2m\u001b[0m\u001b[36mtests/controllers/laporanController.test.js\u001b[39m\u001b[0m\u001b[2m:114:37)\u001b[22m\u001b[2m\u001b[22m\n\n\u001b[1m\u001b[31m  \u001b[1m● \u001b[22m\u001b[1mLaporanController › getInventarisStatusRealtime › should return inventaris status successfully\u001b[39m\u001b[22m\n\n    TypeError: laporanController.getInventarisStatusRealtime is not a function\n\u001b[2m\u001b[22m\n\u001b[2m    \u001b[0m \u001b[90m 129 |\u001b[39m             \u001b[33mLaporanModel\u001b[39m\u001b[33m.\u001b[39mgetInventarisStatus\u001b[33m.\u001b[39mmockResolvedValue(mockInventarisStatus)\u001b[33m;\u001b[39m\u001b[22m\n\u001b[2m     \u001b[90m 130 |\u001b[39m\u001b[22m\n\u001b[2m    \u001b[31m\u001b[1m>\u001b[22m\u001b[2m\u001b[39m\u001b[90m 131 |\u001b[39m             \u001b[36mawait\u001b[39m laporanController\u001b[33m.\u001b[39mgetInventarisStatusRealtime(req\u001b[33m,\u001b[39m res)\u001b[33m;\u001b[39m\u001b[22m\n\u001b[2m     \u001b[90m     |\u001b[39m                                     \u001b[31m\u001b[1m^\u001b[22m\u001b[2m\u001b[39m\u001b[22m\n\u001b[2m     \u001b[90m 132 |\u001b[39m\u001b[22m\n\u001b[2m     \u001b[90m 133 |\u001b[39m             expect(\u001b[33mLaporanModel\u001b[39m\u001b[33m.\u001b[39mgetInventarisStatus)\u001b[33m.\u001b[39mtoHaveBeenCalled()\u001b[33m;\u001b[39m\u001b[22m\n\u001b[2m     \u001b[90m 134 |\u001b[39m             expect(res\u001b[33m.\u001b[39mjson)\u001b[33m.\u001b[39mtoHaveBeenCalledWith(mockInventarisStatus)\u001b[33m;\u001b[39m\u001b[0m\u001b[22m\n\u001b[2m\u001b[22m\n\u001b[2m      \u001b[2mat Object.getInventarisStatusRealtime (\u001b[22m\u001b[2m\u001b[0m\u001b[36mtests/controllers/laporanController.test.js\u001b[39m\u001b[0m\u001b[2m:131:37)\u001b[22m\u001b[2m\u001b[22m\n\n\u001b[1m\u001b[31m  \u001b[1m● \u001b[22m\u001b[1mLaporanController › getInventarisStatusRealtime › should return 500 on database error\u001b[39m\u001b[22m\n\n    TypeError: laporanController.getInventarisStatusRealtime is not a function\n\u001b[2m\u001b[22m\n\u001b[2m    \u001b[0m \u001b[90m 138 |\u001b[39m             \u001b[33mLaporanModel\u001b[39m\u001b[33m.\u001b[39mgetInventarisStatus\u001b[33m.\u001b[39mmockRejectedValue(\u001b[36mnew\u001b[39m \u001b[33mError\u001b[39m(\u001b[32m'DB Error'\u001b[39m))\u001b[33m;\u001b[39m\u001b[22m\n\u001b[2m     \u001b[90m 139 |\u001b[39m\u001b[22m\n\u001b[2m    \u001b[31m\u001b[1m>\u001b[22m\u001b[2m\u001b[39m\u001b[90m 140 |\u001b[39m             \u001b[36mawait\u001b[39m laporanController\u001b[33m.\u001b[39mgetInventarisStatusRealtime(req\u001b[33m,\u001b[39m res)\u001b[33m;\u001b[39m\u001b[22m\n\u001b[2m     \u001b[90m     |\u001b[39m                                     \u001b[31m\u001b[1m^\u001b[22m\u001b[2m\u001b[39m\u001b[22m\n\u001b[2m     \u001b[90m 141 |\u001b[39m\u001b[22m\n\u001b[2m     \u001b[90m 142 |\u001b[39m             expect(res\u001b[33m.\u001b[39mstatus)\u001b[33m.\u001b[39mtoHaveBeenCalledWith(\u001b[35m500\u001b[39m)\u001b[33m;\u001b[39m\u001b[22m\n\u001b[2m     \u001b[90m 143 |\u001b[39m             expect(res\u001b[33m.\u001b[39mjson)\u001b[33m.\u001b[39mtoHaveBeenCalledWith({ message\u001b[33m:\u001b[39m \u001b[32m'Gagal mengambil status inventaris'\u001b[39m })\u001b[33m;\u001b[39m\u001b[0m\u001b[22m\n\u001b[2m\u001b[22m\n\u001b[2m      \u001b[2mat Object.getInventarisStatusRealtime (\u001b[22m\u001b[2m\u001b[0m\u001b[36mtests/controllers/laporanController.test.js\u001b[39m\u001b[0m\u001b[2m:140:37)\u001b[22m\u001b[2m\u001b[22m\n\n\u001b[1m\u001b[31m  \u001b[1m● \u001b[22m\u001b[1mLaporanController › getInventarisLaporanByDate › should return 400 if tanggal is missing\u001b[39m\u001b[22m\n\n    TypeError: laporanController.getInventarisLaporanByDate is not a function\n\u001b[2m\u001b[22m\n\u001b[2m    \u001b[0m \u001b[90m 161 |\u001b[39m         test(\u001b[32m'should return 400 if tanggal is missing'\u001b[39m\u001b[33m,\u001b[39m \u001b[36masync\u001b[39m () \u001b[33m=>\u001b[39m {\u001b[22m\n\u001b[2m     \u001b[90m 162 |\u001b[39m             req\u001b[33m.\u001b[39mquery \u001b[33m=\u001b[39m {}\u001b[33m;\u001b[39m\u001b[22m\n\u001b[2m    \u001b[31m\u001b[1m>\u001b[22m\u001b[2m\u001b[39m\u001b[90m 163 |\u001b[39m             \u001b[36mawait\u001b[39m laporanController\u001b[33m.\u001b[39mgetInventarisLaporanByDate(req\u001b[33m,\u001b[39m res)\u001b[33m;\u001b[39m\u001b[22m\n\u001b[2m     \u001b[90m     |\u001b[39m                                     \u001b[31m\u001b[1m^\u001b[22m\u001b[2m\u001b[39m\u001b[22m\n\u001b[2m     \u001b[90m 164 |\u001b[39m             expect(res\u001b[33m.\u001b[39mstatus)\u001b[33m.\u001b[39mtoHaveBeenCalledWith(\u001b[35m400\u001b[39m)\u001b[33m;\u001b[39m\u001b[22m\n\u001b[2m     \u001b[90m 165 |\u001b[39m             expect(res\u001b[33m.\u001b[39mjson)\u001b[33m.\u001b[39mtoHaveBeenCalledWith({ message\u001b[33m:\u001b[39m \u001b[32m'Tanggal diperlukan.'\u001b[39m })\u001b[33m;\u001b[39m\u001b[22m\n\u001b[2m     \u001b[90m 166 |\u001b[39m         })\u001b[33m;\u001b[39m\u001b[0m\u001b[22m\n\u001b[2m\u001b[22m\n\u001b[2m      \u001b[2mat Object.getInventarisLaporanByDate (\u001b[22m\u001b[2m\u001b[0m\u001b[36mtests/controllers/laporanController.test.js\u001b[39m\u001b[0m\u001b[2m:163:37)\u001b[22m\u001b[2m\u001b[22m\n\n\u001b[1m\u001b[31m  \u001b[1m● \u001b[22m\u001b[1mLaporanController › getInventarisLaporanByDate › should return inventaris report with parsed checklist\u001b[39m\u001b[22m\n\n    TypeError: laporanController.getInventarisLaporanByDate is not a function\n\u001b[2m\u001b[22m\n\u001b[2m    \u001b[0m \u001b[90m 178 |\u001b[39m             \u001b[33mLaporanModel\u001b[39m\u001b[33m.\u001b[39mgetInventarisChecklistReport\u001b[33m.\u001b[39mmockResolvedValue(mockChecklistData)\u001b[33m;\u001b[39m\u001b[22m\n\u001b[2m     \u001b[90m 179 |\u001b[39m\u001b[22m\n\u001b[2m    \u001b[31m\u001b[1m>\u001b[22m\u001b[2m\u001b[39m\u001b[90m 180 |\u001b[39m             \u001b[36mawait\u001b[39m laporanController\u001b[33m.\u001b[39mgetInventarisLaporanByDate(req\u001b[33m,\u001b[39m res)\u001b[33m;\u001b[39m\u001b[22m\n\u001b[2m     \u001b[90m     |\u001b[39m                                     \u001b[31m\u001b[1m^\u001b[22m\u001b[2m\u001b[39m\u001b[22m\n\u001b[2m     \u001b[90m 181 |\u001b[39m\u001b[22m\n\u001b[2m     \u001b[90m 182 |\u001b[39m             expect(\u001b[33mLaporanModel\u001b[39m\u001b[33m.\u001b[39mgetInventarisStatus)\u001b[33m.\u001b[39mtoHaveBeenCalled()\u001b[33m;\u001b[39m\u001b[22m\n\u001b[2m     \u001b[90m 183 |\u001b[39m             expect(\u001b[33mLaporanModel\u001b[39m\u001b[33m.\u001b[39mgetInventarisChecklistReport)\u001b[33m.\u001b[39mtoHaveBeenCalled()\u001b[33m;\u001b[39m\u001b[0m\u001b[22m\n\u001b[2m\u001b[22m\n\u001b[2m      \u001b[2mat Object.getInventarisLaporanByDate (\u001b[22m\u001b[2m\u001b[0m\u001b[36mtests/controllers/laporanController.test.js\u001b[39m\u001b[0m\u001b[2m:180:37)\u001b[22m\u001b[2m\u001b[22m\n\n\u001b[1m\u001b[31m  \u001b[1m● \u001b[22m\u001b[1mLaporanController › getInventarisLaporanByDate › should return 500 on database error\u001b[39m\u001b[22m\n\n    TypeError: laporanController.getInventarisLaporanByDate is not a function\n\u001b[2m\u001b[22m\n\u001b[2m    \u001b[0m \u001b[90m 192 |\u001b[39m             \u001b[33mLaporanModel\u001b[39m\u001b[33m.\u001b[39mgetInventarisChecklistReport\u001b[33m.\u001b[39mmockRejectedValue(\u001b[36mnew\u001b[39m \u001b[33mError\u001b[39m(\u001b[32m'DB Error'\u001b[39m))\u001b[33m;\u001b[39m\u001b[22m\n\u001b[2m     \u001b[90m 193 |\u001b[39m\u001b[22m\n\u001b[2m    \u001b[31m\u001b[1m>\u001b[22m\u001b[2m\u001b[39m\u001b[90m 194 |\u001b[39m             \u001b[36mawait\u001b[39m laporanController\u001b[33m.\u001b[39mgetInventarisLaporanByDate(req\u001b[33m,\u001b[39m res)\u001b[33m;\u001b[39m\u001b[22m\n\u001b[2m     \u001b[90m     |\u001b[39m                                     \u001b[31m\u001b[1m^\u001b[22m\u001b[2m\u001b[39m\u001b[22m\n\u001b[2m     \u001b[90m 195 |\u001b[39m\u001b[22m\n\u001b[2m     \u001b[90m 196 |\u001b[39m             expect(res\u001b[33m.\u001b[39mstatus)\u001b[33m.\u001b[39mtoHaveBeenCalledWith(\u001b[35m500\u001b[39m)\u001b[33m;\u001b[39m\u001b[22m\n\u001b[2m     \u001b[90m 197 |\u001b[39m             expect(res\u001b[33m.\u001b[39mjson)\u001b[33m.\u001b[39mtoHaveBeenCalledWith({ message\u001b[33m:\u001b[39m \u001b[32m'Gagal mengambil laporan inventaris'\u001b[39m })\u001b[33m;\u001b[39m\u001b[0m\u001b[22m\n\u001b[2m\u001b[22m\n\u001b[2m      \u001b[2mat Object.getInventarisLaporanByDate (\u001b[22m\u001b[2m\u001b[0m\u001b[36mtests/controllers/laporanController.test.js\u001b[39m\u001b[0m\u001b[2m:194:37)\u001b[22m\u001b[2m\u001b[22m\n","name":"C:\\Users\\acer\\project-ppsi\\backend\\tests\\controllers\\laporanController.test.js","startTime":1766659548625,"status":"failed","summary":""},{"assertionResults":[{"ancestorTitles":["jadwalCleanup","cleanupOldJadwal"],"duration":3,"failing":false,"failureDetails":[],"failureMessages":[],"fullName":"jadwalCleanup cleanupOldJadwal should delete old jadwal and return affected rows","invocations":1,"location":null,"numPassingAsserts":5,"retryReasons":[],"startAt":1766659549404,"status":"passed","title":"should delete old jadwal and return affected rows"},{"ancestorTitles":["jadwalCleanup","cleanupOldJadwal"],"duration":0,"failing":false,"failureDetails":[],"failureMessages":[],"fullName":"jadwalCleanup cleanupOldJadwal should not log if no rows affected","invocations":1,"location":null,"numPassingAsserts":2,"retryReasons":[],"startAt":1766659549408,"status":"passed","title":"should not log if no rows affected"},{"ancestorTitles":["jadwalCleanup","cleanupOldJadwal"],"duration":6,"failing":false,"failureDetails":[],"failureMessages":[],"fullName":"jadwalCleanup cleanupOldJadwal should handle database errors","invocations":1,"location":null,"numPassingAsserts":2,"retryReasons":[],"startAt":1766659549409,"status":"passed","title":"should handle database errors"},{"ancestorTitles":["jadwalCleanup","startScheduledCleanup"],"duration":6,"failing":false,"failureDetails":[{"matcherResult":{"message":"\u001b[2mexpect(\u001b[22m\u001b[31mjest.fn()\u001b[39m\u001b[2m).\u001b[22mtoHaveBeenCalledWith\u001b[2m(\u001b[22m\u001b[32m...expected\u001b[39m\u001b[2m)\u001b[22m\n\nExpected: \u001b[32m\"[Jadwal Cleanup] Scheduled cleanup started (runs every 24 hours)\"\u001b[39m\nReceived: \u001b[31m\"[Jadwal Cleanup] Deleted 2 old schedule(s)\"\u001b[39m\n\nNumber of calls: \u001b[31m1\u001b[39m","pass":false}}],"failureMessages":["Error: \u001b[2mexpect(\u001b[22m\u001b[31mjest.fn()\u001b[39m\u001b[2m).\u001b[22mtoHaveBeenCalledWith\u001b[2m(\u001b[22m\u001b[32m...expected\u001b[39m\u001b[2m)\u001b[22m\n\nExpected: \u001b[32m\"[Jadwal Cleanup] Scheduled cleanup started (runs every 24 hours)\"\u001b[39m\nReceived: \u001b[31m\"[Jadwal Cleanup] Deleted 2 old schedule(s)\"\u001b[39m\n\nNumber of calls: \u001b[31m1\u001b[39m\n    at Object.toHaveBeenCalledWith (C:\\Users\\acer\\project-ppsi\\backend\\tests\\utils\\jadwalCleanup.test.js:82:35)"],"fullName":"jadwalCleanup startScheduledCleanup should start scheduled cleanup and log message","invocations":1,"location":null,"numPassingAsserts":0,"retryReasons":[],"startAt":1766659549416,"status":"failed","title":"should start scheduled cleanup and log message"},{"ancestorTitles":["jadwalCleanup","startScheduledCleanup"],"duration":1,"failing":false,"failureDetails":[],"failureMessages":[],"fullName":"jadwalCleanup startScheduledCleanup should handle initial cleanup error","invocations":1,"location":null,"numPassingAsserts":1,"retryReasons":[],"startAt":1766659549423,"status":"passed","title":"should handle initial cleanup error"},{"ancestorTitles":["jadwalCleanup","startScheduledCleanup"],"duration":1,"failing":false,"failureDetails":[],"failureMessages":[],"fullName":"jadwalCleanup startScheduledCleanup should run cleanup on interval","invocations":1,"location":null,"numPassingAsserts":1,"retryReasons":[],"startAt":1766659549425,"status":"passed","title":"should run cleanup on interval"},{"ancestorTitles":["jadwalCleanup","startScheduledCleanup"],"duration":1,"failing":false,"failureDetails":[],"failureMessages":[],"fullName":"jadwalCleanup startScheduledCleanup should handle scheduled cleanup error","invocations":1,"location":null,"numPassingAsserts":1,"retryReasons":[],"startAt":1766659549428,"status":"passed","title":"should handle scheduled cleanup error"}],"endTime":1766659549432,"message":"\u001b[1m\u001b[31m  \u001b[1m● \u001b[22m\u001b[1mjadwalCleanup › startScheduledCleanup › should start scheduled cleanup and log message\u001b[39m\u001b[22m\n\n    \u001b[2mexpect(\u001b[22m\u001b[31mjest.fn()\u001b[39m\u001b[2m).\u001b[22mtoHaveBeenCalledWith\u001b[2m(\u001b[22m\u001b[32m...expected\u001b[39m\u001b[2m)\u001b[22m\n\n    Expected: \u001b[32m\"[Jadwal Cleanup] Scheduled cleanup started (runs every 24 hours)\"\u001b[39m\n    Received: \u001b[31m\"[Jadwal Cleanup] Deleted 2 old schedule(s)\"\u001b[39m\n\n    Number of calls: \u001b[31m1\u001b[39m\n\u001b[2m\u001b[22m\n\u001b[2m    \u001b[0m \u001b[90m 80 |\u001b[39m             \u001b[36mawait\u001b[39m \u001b[33mPromise\u001b[39m\u001b[33m.\u001b[39mresolve()\u001b[33m;\u001b[39m\u001b[22m\n\u001b[2m     \u001b[90m 81 |\u001b[39m\u001b[22m\n\u001b[2m    \u001b[31m\u001b[1m>\u001b[22m\u001b[2m\u001b[39m\u001b[90m 82 |\u001b[39m             expect(consoleLogSpy)\u001b[33m.\u001b[39mtoHaveBeenCalledWith(\u001b[22m\n\u001b[2m     \u001b[90m    |\u001b[39m                                   \u001b[31m\u001b[1m^\u001b[22m\u001b[2m\u001b[39m\u001b[22m\n\u001b[2m     \u001b[90m 83 |\u001b[39m                 \u001b[32m'[Jadwal Cleanup] Scheduled cleanup started (runs every 24 hours)'\u001b[39m\u001b[22m\n\u001b[2m     \u001b[90m 84 |\u001b[39m             )\u001b[33m;\u001b[39m\u001b[22m\n\u001b[2m     \u001b[90m 85 |\u001b[39m         })\u001b[33m;\u001b[39m\u001b[0m\u001b[22m\n\u001b[2m\u001b[22m\n\u001b[2m      \u001b[2mat Object.toHaveBeenCalledWith (\u001b[22m\u001b[2m\u001b[0m\u001b[36mtests/utils/jadwalCleanup.test.js\u001b[39m\u001b[0m\u001b[2m:82:35)\u001b[22m\u001b[2m\u001b[22m\n","name":"C:\\Users\\acer\\project-ppsi\\backend\\tests\\utils\\jadwalCleanup.test.js","startTime":1766659549284,"status":"failed","summary":""},{"assertionResults":[{"ancestorTitles":["AbsensiModel","Find Active Sessions"],"duration":1,"failing":false,"failureDetails":[],"failureMessages":[],"fullName":"AbsensiModel Find Active Sessions findActiveSession should query for user_id and waktu_keluar IS NULL","invocations":1,"location":null,"numPassingAsserts":4,"retryReasons":[],"startAt":1766659549518,"status":"passed","title":"findActiveSession should query for user_id and waktu_keluar IS NULL"},{"ancestorTitles":["AbsensiModel","Find Active Sessions"],"duration":1,"failing":false,"failureDetails":[],"failureMessages":[],"fullName":"AbsensiModel Find Active Sessions findCurrentActiveSession should query and ORDER BY DESC LIMIT 1","invocations":1,"location":null,"numPassingAsserts":4,"retryReasons":[],"startAt":1766659549520,"status":"passed","title":"findCurrentActiveSession should query and ORDER BY DESC LIMIT 1"},{"ancestorTitles":["AbsensiModel","Find Active Sessions"],"duration":1,"failing":false,"failureDetails":[],"failureMessages":[],"fullName":"AbsensiModel Find Active Sessions findByIdAndUserId should select based on ID and User ID","invocations":1,"location":null,"numPassingAsserts":4,"retryReasons":[],"startAt":1766659549522,"status":"passed","title":"findByIdAndUserId should select based on ID and User ID"},{"ancestorTitles":["AbsensiModel","Create and Update"],"duration":1,"failing":false,"failureDetails":[],"failureMessages":[],"fullName":"AbsensiModel Create and Update createAbsenMasuk should use INSERT INTO absensi SET ?","invocations":1,"location":null,"numPassingAsserts":3,"retryReasons":[],"startAt":1766659549523,"status":"passed","title":"createAbsenMasuk should use INSERT INTO absensi SET ?"},{"ancestorTitles":["AbsensiModel","Create and Update"],"duration":0,"failing":false,"failureDetails":[],"failureMessages":[],"fullName":"AbsensiModel Create and Update updateAbsenKeluar should update all expected fields for checkout","invocations":1,"location":null,"numPassingAsserts":3,"retryReasons":[],"startAt":1766659549525,"status":"passed","title":"updateAbsenKeluar should update all expected fields for checkout"},{"ancestorTitles":["AbsensiModel","Create and Update"],"duration":3,"failing":false,"failureDetails":[{"matcherResult":{"actual":"UPDATE absensi SET inventaris_checklist = ?, checklist_submitted = TRUE, note = ? WHERE id = ? AND user_id = ?","expected":"UPDATE absensi SET inventaris_checklist = ?, checklist_submitted = TRUE WHERE id = ? AND user_id = ?","message":"\u001b[2mexpect(\u001b[22m\u001b[31mreceived\u001b[39m\u001b[2m).\u001b[22mtoBe\u001b[2m(\u001b[22m\u001b[32mexpected\u001b[39m\u001b[2m) // Object.is equality\u001b[22m\n\nExpected: \u001b[32m\"UPDATE absensi SET inventaris_checklist = ?, checklist_submitted = TRUE WHERE id = ? AND user_id = ?\"\u001b[39m\nReceived: \u001b[31m\"UPDATE absensi SET inventaris_checklist = ?, checklist_submitted = TRUE\u001b[7m, note = ?\u001b[27m WHERE id = ? AND user_id = ?\"\u001b[39m","name":"toBe","pass":false}}],"failureMessages":["Error: \u001b[2mexpect(\u001b[22m\u001b[31mreceived\u001b[39m\u001b[2m).\u001b[22mtoBe\u001b[2m(\u001b[22m\u001b[32mexpected\u001b[39m\u001b[2m) // Object.is equality\u001b[22m\n\nExpected: \u001b[32m\"UPDATE absensi SET inventaris_checklist = ?, checklist_submitted = TRUE WHERE id = ? AND user_id = ?\"\u001b[39m\nReceived: \u001b[31m\"UPDATE absensi SET inventaris_checklist = ?, checklist_submitted = TRUE\u001b[7m, note = ?\u001b[27m WHERE id = ? AND user_id = ?\"\u001b[39m\n    at Object.toBe (C:\\Users\\acer\\project-ppsi\\backend\\tests\\models\\absensiModel.test.js:119:48)"],"fullName":"AbsensiModel Create and Update updateChecklist should update checklist JSON and set flag to TRUE","invocations":1,"location":null,"numPassingAsserts":1,"retryReasons":[],"startAt":1766659549526,"status":"failed","title":"updateChecklist should update checklist JSON and set flag to TRUE"},{"ancestorTitles":["AbsensiModel","History and Report"],"duration":1,"failing":false,"failureDetails":[],"failureMessages":[],"fullName":"AbsensiModel History and Report getHistory should select all fields ordered by waktu_masuk DESC","invocations":1,"location":null,"numPassingAsserts":4,"retryReasons":[],"startAt":1766659549536,"status":"passed","title":"getHistory should select all fields ordered by waktu_masuk DESC"},{"ancestorTitles":["AbsensiModel","History and Report"],"duration":2,"failing":false,"failureDetails":[],"failureMessages":[],"fullName":"AbsensiModel History and Report getLaporanByDate should query join users and select/format all report fields (Regex Check)","invocations":1,"location":null,"numPassingAsserts":4,"retryReasons":[],"startAt":1766659549538,"status":"passed","title":"getLaporanByDate should query join users and select/format all report fields (Regex Check)"},{"ancestorTitles":["AbsensiModel","History and Report"],"duration":1,"failing":false,"failureDetails":[],"failureMessages":[],"fullName":"AbsensiModel History and Report getTodayAbsensiStatus should query join users and filter by user role and date (Regex Check)","invocations":1,"location":null,"numPassingAsserts":4,"retryReasons":[],"startAt":1766659549541,"status":"passed","title":"getTodayAbsensiStatus should query join users and filter by user role and date (Regex Check)"},{"ancestorTitles":["AbsensiModel","Delete Operation"],"duration":0,"failing":false,"failureDetails":[],"failureMessages":[],"fullName":"AbsensiModel Delete Operation deleteRecord should execute DELETE FROM absensi WHERE id = ?","invocations":1,"location":null,"numPassingAsserts":4,"retryReasons":[],"startAt":1766659549543,"status":"passed","title":"deleteRecord should execute DELETE FROM absensi WHERE id = ?"},{"ancestorTitles":["AbsensiModel","Delete Operation"],"duration":2,"failing":false,"failureDetails":[],"failureMessages":[],"fullName":"AbsensiModel Delete Operation Should throw error when deleteRecord fails","invocations":1,"location":null,"numPassingAsserts":1,"retryReasons":[],"startAt":1766659549544,"status":"passed","title":"Should throw error when deleteRecord fails"},{"ancestorTitles":["AbsensiModel","Error Paths"],"duration":1,"failing":false,"failureDetails":[],"failureMessages":[],"fullName":"AbsensiModel Error Paths Should throw error when db.query fails (e.g., findActiveSession)","invocations":1,"location":null,"numPassingAsserts":1,"retryReasons":[],"startAt":1766659549547,"status":"passed","title":"Should throw error when db.query fails (e.g., findActiveSession)"},{"ancestorTitles":["AbsensiModel","Error Paths"],"duration":1,"failing":false,"failureDetails":[],"failureMessages":[],"fullName":"AbsensiModel Error Paths Should throw error when db.execute fails (e.g., getTodayAbsensiStatus)","invocations":1,"location":null,"numPassingAsserts":1,"retryReasons":[],"startAt":1766659549548,"status":"passed","title":"Should throw error when db.execute fails (e.g., getTodayAbsensiStatus)"}],"endTime":1766659549555,"message":"\u001b[1m\u001b[31m  \u001b[1m● \u001b[22m\u001b[1mAbsensiModel › Create and Update › updateChecklist should update checklist JSON and set flag to TRUE\u001b[39m\u001b[22m\n\n    \u001b[2mexpect(\u001b[22m\u001b[31mreceived\u001b[39m\u001b[2m).\u001b[22mtoBe\u001b[2m(\u001b[22m\u001b[32mexpected\u001b[39m\u001b[2m) // Object.is equality\u001b[22m\n\n    Expected: \u001b[32m\"UPDATE absensi SET inventaris_checklist = ?, checklist_submitted = TRUE WHERE id = ? AND user_id = ?\"\u001b[39m\n    Received: \u001b[31m\"UPDATE absensi SET inventaris_checklist = ?, checklist_submitted = TRUE\u001b[7m, note = ?\u001b[27m WHERE id = ? AND user_id = ?\"\u001b[39m\n\u001b[2m\u001b[22m\n\u001b[2m    \u001b[0m \u001b[90m 117 |\u001b[39m\u001b[22m\n\u001b[2m     \u001b[90m 118 |\u001b[39m             expect(mockQuery)\u001b[33m.\u001b[39mtoHaveBeenCalledTimes(\u001b[35m1\u001b[39m)\u001b[33m;\u001b[39m\u001b[22m\n\u001b[2m    \u001b[31m\u001b[1m>\u001b[22m\u001b[2m\u001b[39m\u001b[90m 119 |\u001b[39m             expect(mockQuery\u001b[33m.\u001b[39mmock\u001b[33m.\u001b[39mcalls[\u001b[35m0\u001b[39m][\u001b[35m0\u001b[39m])\u001b[33m.\u001b[39mtoBe(\u001b[22m\n\u001b[2m     \u001b[90m     |\u001b[39m                                                \u001b[31m\u001b[1m^\u001b[22m\u001b[2m\u001b[39m\u001b[22m\n\u001b[2m     \u001b[90m 120 |\u001b[39m                 \u001b[32m'UPDATE absensi SET inventaris_checklist = ?, checklist_submitted = TRUE WHERE id = ? AND user_id = ?'\u001b[39m\u001b[22m\n\u001b[2m     \u001b[90m 121 |\u001b[39m             )\u001b[33m;\u001b[39m\u001b[22m\n\u001b[2m     \u001b[90m 122 |\u001b[39m             expect(mockQuery\u001b[33m.\u001b[39mmock\u001b[33m.\u001b[39mcalls[\u001b[35m0\u001b[39m][\u001b[35m1\u001b[39m])\u001b[33m.\u001b[39mtoEqual([\u001b[0m\u001b[22m\n\u001b[2m\u001b[22m\n\u001b[2m      \u001b[2mat Object.toBe (\u001b[22m\u001b[2m\u001b[0m\u001b[36mtests/models/absensiModel.test.js\u001b[39m\u001b[0m\u001b[2m:119:48)\u001b[22m\u001b[2m\u001b[22m\n","name":"C:\\Users\\acer\\project-ppsi\\backend\\tests\\models\\absensiModel.test.js","startTime":1766659549444,"status":"failed","summary":""},{"assertionResults":[{"ancestorTitles":["UserController (OOP)","getAllUsers & getAllUsersComplete"],"duration":1,"failing":false,"failureDetails":[],"failureMessages":[],"fullName":"UserController (OOP) getAllUsers & getAllUsersComplete should return 500 on database fetch error (getAllUsers)","invocations":1,"location":null,"numPassingAsserts":1,"retryReasons":[],"startAt":1766659549863,"status":"passed","title":"should return 500 on database fetch error (getAllUsers)"},{"ancestorTitles":["UserController (OOP)","getAllUsers & getAllUsersComplete"],"duration":0,"failing":false,"failureDetails":[],"failureMessages":[],"fullName":"UserController (OOP) getAllUsers & getAllUsersComplete should return 500 on getAllUsersComplete failure","invocations":1,"location":null,"numPassingAsserts":2,"retryReasons":[],"startAt":1766659549865,"status":"passed","title":"should return 500 on getAllUsersComplete failure"},{"ancestorTitles":["UserController (OOP)","getAllUsers & getAllUsersComplete"],"duration":0,"failing":false,"failureDetails":[],"failureMessages":[],"fullName":"UserController (OOP) getAllUsers & getAllUsersComplete should return list of non-admin users for getAllUsers","invocations":1,"location":null,"numPassingAsserts":1,"retryReasons":[],"startAt":1766659549866,"status":"passed","title":"should return list of non-admin users for getAllUsers"},{"ancestorTitles":["UserController (OOP)","createUser"],"duration":1,"failing":false,"failureDetails":[],"failureMessages":[],"fullName":"UserController (OOP) createUser should return 400 if any required field is missing","invocations":1,"location":null,"numPassingAsserts":1,"retryReasons":[],"startAt":1766659549867,"status":"passed","title":"should return 400 if any required field is missing"},{"ancestorTitles":["UserController (OOP)","createUser"],"duration":0,"failing":false,"failureDetails":[],"failureMessages":[],"fullName":"UserController (OOP) createUser should return 400 if username already exists","invocations":1,"location":null,"numPassingAsserts":1,"retryReasons":[],"startAt":1766659549869,"status":"passed","title":"should return 400 if username already exists"},{"ancestorTitles":["UserController (OOP)","createUser"],"duration":1,"failing":false,"failureDetails":[],"failureMessages":[],"fullName":"UserController (OOP) createUser should return 500 if DB fails during creation","invocations":1,"location":null,"numPassingAsserts":1,"retryReasons":[],"startAt":1766659549870,"status":"passed","title":"should return 500 if DB fails during creation"},{"ancestorTitles":["UserController (OOP)","createAccount (Helper Validation Coverage)"],"duration":1,"failing":false,"failureDetails":[],"failureMessages":[],"fullName":"UserController (OOP) createAccount (Helper Validation Coverage) should return 400 if nama_lengkap is too short (< 2)","invocations":1,"location":null,"numPassingAsserts":2,"retryReasons":[],"startAt":1766659549872,"status":"passed","title":"should return 400 if nama_lengkap is too short (< 2)"},{"ancestorTitles":["UserController (OOP)","createAccount (Helper Validation Coverage)"],"duration":1,"failing":false,"failureDetails":[],"failureMessages":[],"fullName":"UserController (OOP) createAccount (Helper Validation Coverage) should return 400 if username is too short (< 3)","invocations":1,"location":null,"numPassingAsserts":2,"retryReasons":[],"startAt":1766659549873,"status":"passed","title":"should return 400 if username is too short (< 3)"},{"ancestorTitles":["UserController (OOP)","createAccount (Helper Validation Coverage)"],"duration":0,"failing":false,"failureDetails":[],"failureMessages":[],"fullName":"UserController (OOP) createAccount (Helper Validation Coverage) should return 400 if email format is invalid","invocations":1,"location":null,"numPassingAsserts":2,"retryReasons":[],"startAt":1766659549875,"status":"passed","title":"should return 400 if email format is invalid"},{"ancestorTitles":["UserController (OOP)","createAccount (Helper Validation Coverage)"],"duration":1,"failing":false,"failureDetails":[],"failureMessages":[],"fullName":"UserController (OOP) createAccount (Helper Validation Coverage) should return 400 if jabatan is missing/empty","invocations":1,"location":null,"numPassingAsserts":2,"retryReasons":[],"startAt":1766659549876,"status":"passed","title":"should return 400 if jabatan is missing/empty"},{"ancestorTitles":["UserController (OOP)","createAccount (Helper Validation Coverage)"],"duration":0,"failing":false,"failureDetails":[],"failureMessages":[],"fullName":"UserController (OOP) createAccount (Helper Validation Coverage) should return 400 if divisi is missing/empty","invocations":1,"location":null,"numPassingAsserts":2,"retryReasons":[],"startAt":1766659549878,"status":"passed","title":"should return 400 if divisi is missing/empty"},{"ancestorTitles":["UserController (OOP)","createAccount (Helper Validation Coverage)"],"duration":1,"failing":false,"failureDetails":[],"failureMessages":[],"fullName":"UserController (OOP) createAccount (Helper Validation Coverage) should return 400 if role is invalid","invocations":1,"location":null,"numPassingAsserts":2,"retryReasons":[],"startAt":1766659549879,"status":"passed","title":"should return 400 if role is invalid"},{"ancestorTitles":["UserController (OOP)","createAccount (Helper Validation Coverage)"],"duration":1,"failing":false,"failureDetails":[],"failureMessages":[],"fullName":"UserController (OOP) createAccount (Helper Validation Coverage) should return 400 if password is too short (< 6)","invocations":1,"location":null,"numPassingAsserts":2,"retryReasons":[],"startAt":1766659549881,"status":"passed","title":"should return 400 if password is too short (< 6)"},{"ancestorTitles":["UserController (OOP)","createAccount (Helper Validation Coverage)"],"duration":0,"failing":false,"failureDetails":[],"failureMessages":[],"fullName":"UserController (OOP) createAccount (Helper Validation Coverage) should return 400 if username already exists","invocations":1,"location":null,"numPassingAsserts":2,"retryReasons":[],"startAt":1766659549883,"status":"passed","title":"should return 400 if username already exists"},{"ancestorTitles":["UserController (OOP)","createAccount (Helper Validation Coverage)"],"duration":1,"failing":false,"failureDetails":[],"failureMessages":[],"fullName":"UserController (OOP) createAccount (Helper Validation Coverage) should return 400 if email already exists","invocations":1,"location":null,"numPassingAsserts":2,"retryReasons":[],"startAt":1766659549884,"status":"passed","title":"should return 400 if email already exists"},{"ancestorTitles":["UserController (OOP)","createAccount (Helper Validation Coverage)"],"duration":0,"failing":false,"failureDetails":[],"failureMessages":[],"fullName":"UserController (OOP) createAccount (Helper Validation Coverage) should return 500 on database error","invocations":1,"location":null,"numPassingAsserts":1,"retryReasons":[],"startAt":1766659549886,"status":"passed","title":"should return 500 on database error"},{"ancestorTitles":["UserController (OOP)","createAccount (Helper Validation Coverage)"],"duration":1,"failing":false,"failureDetails":[],"failureMessages":[],"fullName":"UserController (OOP) createAccount (Helper Validation Coverage) should succeed if all fields are valid","invocations":1,"location":null,"numPassingAsserts":1,"retryReasons":[],"startAt":1766659549887,"status":"passed","title":"should succeed if all fields are valid"},{"ancestorTitles":["UserController (OOP)","updateUser"],"duration":0,"failing":false,"failureDetails":[],"failureMessages":[],"fullName":"UserController (OOP) updateUser should return 404 if user not found","invocations":1,"location":null,"numPassingAsserts":1,"retryReasons":[],"startAt":1766659549889,"status":"passed","title":"should return 404 if user not found"},{"ancestorTitles":["UserController (OOP)","updateUser"],"duration":1,"failing":false,"failureDetails":[],"failureMessages":[],"fullName":"UserController (OOP) updateUser should return 400 if validation fails","invocations":1,"location":null,"numPassingAsserts":1,"retryReasons":[],"startAt":1766659549890,"status":"passed","title":"should return 400 if validation fails"},{"ancestorTitles":["UserController (OOP)","updateUser"],"duration":0,"failing":false,"failureDetails":[],"failureMessages":[],"fullName":"UserController (OOP) updateUser should return 500 if DB update fails","invocations":1,"location":null,"numPassingAsserts":1,"retryReasons":[],"startAt":1766659549892,"status":"passed","title":"should return 500 if DB update fails"},{"ancestorTitles":["UserController (OOP)","updateUser"],"duration":1,"failing":false,"failureDetails":[],"failureMessages":[],"fullName":"UserController (OOP) updateUser should update user info successfully (Happy Path)","invocations":1,"location":null,"numPassingAsserts":2,"retryReasons":[],"startAt":1766659549893,"status":"passed","title":"should update user info successfully (Happy Path)"},{"ancestorTitles":["UserController (OOP)","updateUser"],"duration":1,"failing":false,"failureDetails":[],"failureMessages":[],"fullName":"UserController (OOP) updateUser should return 400 if email is used by another user","invocations":1,"location":null,"numPassingAsserts":1,"retryReasons":[],"startAt":1766659549894,"status":"passed","title":"should return 400 if email is used by another user"},{"ancestorTitles":["UserController (OOP)","updateUser"],"duration":1,"failing":false,"failureDetails":[],"failureMessages":[],"fullName":"UserController (OOP) updateUser should successfully update when role is changed to admin","invocations":1,"location":null,"numPassingAsserts":2,"retryReasons":[],"startAt":1766659549895,"status":"passed","title":"should successfully update when role is changed to admin"},{"ancestorTitles":["UserController (OOP)","deleteUser"],"duration":0,"failing":false,"failureDetails":[],"failureMessages":[],"fullName":"UserController (OOP) deleteUser should return 404 if user not found before deletion","invocations":1,"location":null,"numPassingAsserts":1,"retryReasons":[],"startAt":1766659549897,"status":"passed","title":"should return 404 if user not found before deletion"},{"ancestorTitles":["UserController (OOP)","deleteUser"],"duration":1,"failing":false,"failureDetails":[],"failureMessages":[],"fullName":"UserController (OOP) deleteUser should return 404 if no rows affected","invocations":1,"location":null,"numPassingAsserts":1,"retryReasons":[],"startAt":1766659549898,"status":"passed","title":"should return 404 if no rows affected"},{"ancestorTitles":["UserController (OOP)","deleteUser"],"duration":1,"failing":false,"failureDetails":[],"failureMessages":[],"fullName":"UserController (OOP) deleteUser should return 500 if DB delete fails","invocations":1,"location":null,"numPassingAsserts":1,"retryReasons":[],"startAt":1766659549899,"status":"passed","title":"should return 500 if DB delete fails"},{"ancestorTitles":["UserController (OOP)","deleteUser"],"duration":1,"failing":false,"failureDetails":[],"failureMessages":[],"fullName":"UserController (OOP) deleteUser should return 400 if trying to delete last admin","invocations":1,"location":null,"numPassingAsserts":1,"retryReasons":[],"startAt":1766659549900,"status":"passed","title":"should return 400 if trying to delete last admin"},{"ancestorTitles":["UserController (OOP)","deleteUser"],"duration":0,"failing":false,"failureDetails":[],"failureMessages":[],"fullName":"UserController (OOP) deleteUser should trigger outer catch with console.error (deleteUser)","invocations":1,"location":null,"numPassingAsserts":2,"retryReasons":[],"startAt":1766659549902,"status":"passed","title":"should trigger outer catch with console.error (deleteUser)"},{"ancestorTitles":["UserController (OOP)","resetPassword"],"duration":1,"failing":false,"failureDetails":[],"failureMessages":[],"fullName":"UserController (OOP) resetPassword should return 400 if new_password is too short","invocations":1,"location":null,"numPassingAsserts":1,"retryReasons":[],"startAt":1766659549903,"status":"passed","title":"should return 400 if new_password is too short"},{"ancestorTitles":["UserController (OOP)","resetPassword"],"duration":1,"failing":false,"failureDetails":[],"failureMessages":[],"fullName":"UserController (OOP) resetPassword should return 400 if new_password is missing","invocations":1,"location":null,"numPassingAsserts":1,"retryReasons":[],"startAt":1766659549904,"status":"passed","title":"should return 400 if new_password is missing"},{"ancestorTitles":["UserController (OOP)","resetPassword"],"duration":1,"failing":false,"failureDetails":[],"failureMessages":[],"fullName":"UserController (OOP) resetPassword should return 404 if user not found","invocations":1,"location":null,"numPassingAsserts":1,"retryReasons":[],"startAt":1766659549905,"status":"passed","title":"should return 404 if user not found"},{"ancestorTitles":["UserController (OOP)","resetPassword"],"duration":1,"failing":false,"failureDetails":[],"failureMessages":[],"fullName":"UserController (OOP) resetPassword should return 500 if DB update fails during reset","invocations":1,"location":null,"numPassingAsserts":1,"retryReasons":[],"startAt":1766659549906,"status":"passed","title":"should return 500 if DB update fails during reset"},{"ancestorTitles":["UserController (OOP)","resetPassword"],"duration":1,"failing":false,"failureDetails":[],"failureMessages":[],"fullName":"UserController (OOP) resetPassword should successfully reset password","invocations":1,"location":null,"numPassingAsserts":2,"retryReasons":[],"startAt":1766659549908,"status":"passed","title":"should successfully reset password"},{"ancestorTitles":["UserController (OOP)","bulkCreatePengurus"],"duration":2,"failing":false,"failureDetails":[],"failureMessages":[],"fullName":"UserController (OOP) bulkCreatePengurus should return 400 if file is not provided","invocations":1,"location":null,"numPassingAsserts":2,"retryReasons":[],"startAt":1766659549909,"status":"passed","title":"should return 400 if file is not provided"},{"ancestorTitles":["UserController (OOP)","bulkCreatePengurus"],"duration":1,"failing":false,"failureDetails":[],"failureMessages":[],"fullName":"UserController (OOP) bulkCreatePengurus should return 400 if file parsing fails","invocations":1,"location":null,"numPassingAsserts":1,"retryReasons":[],"startAt":1766659549911,"status":"passed","title":"should return 400 if file parsing fails"},{"ancestorTitles":["UserController (OOP)","bulkCreatePengurus"],"duration":0,"failing":false,"failureDetails":[],"failureMessages":[],"fullName":"UserController (OOP) bulkCreatePengurus should return 400 if file is empty","invocations":1,"location":null,"numPassingAsserts":1,"retryReasons":[],"startAt":1766659549913,"status":"passed","title":"should return 400 if file is empty"},{"ancestorTitles":["UserController (OOP)","bulkCreatePengurus"],"duration":0,"failing":false,"failureDetails":[],"failureMessages":[],"fullName":"UserController (OOP) bulkCreatePengurus should report validation errors for rows","invocations":1,"location":null,"numPassingAsserts":2,"retryReasons":[],"startAt":1766659549914,"status":"passed","title":"should report validation errors for rows"},{"ancestorTitles":["UserController (OOP)","bulkCreatePengurus"],"duration":1,"failing":false,"failureDetails":[],"failureMessages":[],"fullName":"UserController (OOP) bulkCreatePengurus should return 201 but report error if DB fails during row processing loop","invocations":1,"location":null,"numPassingAsserts":2,"retryReasons":[],"startAt":1766659549915,"status":"passed","title":"should return 201 but report error if DB fails during row processing loop"},{"ancestorTitles":["UserController (OOP)","bulkCreatePengurus"],"duration":2,"failing":false,"failureDetails":[],"failureMessages":[],"fullName":"UserController (OOP) bulkCreatePengurus should report error for duplicate usernames within the input file","invocations":1,"location":null,"numPassingAsserts":4,"retryReasons":[],"startAt":1766659549916,"status":"passed","title":"should report error for duplicate usernames within the input file"},{"ancestorTitles":["UserController (OOP)","bulkCreatePengurus"],"duration":1,"failing":false,"failureDetails":[],"failureMessages":[],"fullName":"UserController (OOP) bulkCreatePengurus should report error for duplicate emails within the input file","invocations":1,"location":null,"numPassingAsserts":3,"retryReasons":[],"startAt":1766659549918,"status":"passed","title":"should report error for duplicate emails within the input file"},{"ancestorTitles":["UserController (OOP)","bulkCreatePengurus"],"duration":1,"failing":false,"failureDetails":[],"failureMessages":[],"fullName":"UserController (OOP) bulkCreatePengurus should return 500 on unexpected outer catch error","invocations":1,"location":null,"numPassingAsserts":1,"retryReasons":[],"startAt":1766659549919,"status":"passed","title":"should return 500 on unexpected outer catch error"},{"ancestorTitles":["UserController (OOP)","bulkCreatePengurus"],"duration":0,"failing":false,"failureDetails":[],"failureMessages":[],"fullName":"UserController (OOP) bulkCreatePengurus should successfully import users","invocations":1,"location":null,"numPassingAsserts":2,"retryReasons":[],"startAt":1766659549921,"status":"passed","title":"should successfully import users"},{"ancestorTitles":["UserController (OOP)","bulkCreatePengurus"],"duration":1,"failing":false,"failureDetails":[],"failureMessages":[],"fullName":"UserController (OOP) bulkCreatePengurus should report error for DB duplicates during loop processing","invocations":1,"location":null,"numPassingAsserts":4,"retryReasons":[],"startAt":1766659549922,"status":"passed","title":"should report error for DB duplicates during loop processing"}],"endTime":1766659549925,"message":"","name":"C:\\Users\\acer\\project-ppsi\\backend\\tests\\controllers\\userController.test.js","startTime":1766659549566,"status":"passed","summary":""},{"assertionResults":[{"ancestorTitles":["AbsensiController (OOP)","absenMasuk"],"duration":15,"failing":false,"failureDetails":[],"failureMessages":[],"fullName":"AbsensiController (OOP) absenMasuk should return 201 and create session with watermark and checklist","invocations":1,"location":null,"numPassingAsserts":2,"retryReasons":[],"startAt":1766659550199,"status":"passed","title":"should return 201 and create session with watermark and checklist"},{"ancestorTitles":["AbsensiController (OOP)","absenMasuk"],"duration":1,"failing":false,"failureDetails":[],"failureMessages":[],"fullName":"AbsensiController (OOP) absenMasuk should still proceed and save file even if geocoding/watermark fails","invocations":1,"location":null,"numPassingAsserts":3,"retryReasons":[],"startAt":1766659550214,"status":"passed","title":"should still proceed and save file even if geocoding/watermark fails"},{"ancestorTitles":["AbsensiController (OOP)","absenMasuk"],"duration":1,"failing":false,"failureDetails":[],"failureMessages":[],"fullName":"AbsensiController (OOP) absenMasuk should return 500 on database error during createAbsenMasuk","invocations":1,"location":null,"numPassingAsserts":2,"retryReasons":[],"startAt":1766659550215,"status":"passed","title":"should return 500 on database error during createAbsenMasuk"},{"ancestorTitles":["AbsensiController (OOP)","absenMasuk"],"duration":1,"failing":false,"failureDetails":[],"failureMessages":[],"fullName":"AbsensiController (OOP) absenMasuk should return 400 if req.file is missing","invocations":1,"location":null,"numPassingAsserts":2,"retryReasons":[],"startAt":1766659550217,"status":"passed","title":"should return 400 if req.file is missing"},{"ancestorTitles":["AbsensiController (OOP)","absenMasuk"],"duration":1,"failing":false,"failureDetails":[],"failureMessages":[],"fullName":"AbsensiController (OOP) absenMasuk should return 400 if latitude or longitude is missing","invocations":1,"location":null,"numPassingAsserts":2,"retryReasons":[],"startAt":1766659550218,"status":"passed","title":"should return 400 if latitude or longitude is missing"},{"ancestorTitles":["AbsensiController (OOP)","absenMasuk"],"duration":1,"failing":false,"failureDetails":[],"failureMessages":[],"fullName":"AbsensiController (OOP) absenMasuk should return 400 if an active session exists","invocations":1,"location":null,"numPassingAsserts":2,"retryReasons":[],"startAt":1766659550219,"status":"passed","title":"should return 400 if an active session exists"},{"ancestorTitles":["AbsensiController (OOP)","submitChecklist"],"duration":0,"failing":false,"failureDetails":[],"failureMessages":[],"fullName":"AbsensiController (OOP) submitChecklist should return success message and update models","invocations":1,"location":null,"numPassingAsserts":1,"retryReasons":[],"startAt":1766659550221,"status":"passed","title":"should return success message and update models"},{"ancestorTitles":["AbsensiController (OOP)","submitChecklist"],"duration":0,"failing":false,"failureDetails":[],"failureMessages":[],"fullName":"AbsensiController (OOP) submitChecklist should return 500 on database error","invocations":1,"location":null,"numPassingAsserts":2,"retryReasons":[],"startAt":1766659550222,"status":"passed","title":"should return 500 on database error"},{"ancestorTitles":["AbsensiController (OOP)","absenKeluar"],"duration":1,"failing":false,"failureDetails":[],"failureMessages":[],"fullName":"AbsensiController (OOP) absenKeluar should succeed and update session for valid exit","invocations":1,"location":null,"numPassingAsserts":1,"retryReasons":[],"startAt":1766659550223,"status":"passed","title":"should succeed and update session for valid exit"},{"ancestorTitles":["AbsensiController (OOP)","absenKeluar"],"duration":1,"failing":false,"failureDetails":[],"failureMessages":[],"fullName":"AbsensiController (OOP) absenKeluar should return 404 if session ID is not found","invocations":1,"location":null,"numPassingAsserts":2,"retryReasons":[],"startAt":1766659550224,"status":"passed","title":"should return 404 if session ID is not found"},{"ancestorTitles":["AbsensiController (OOP)","absenKeluar"],"duration":0,"failing":false,"failureDetails":[],"failureMessages":[],"fullName":"AbsensiController (OOP) absenKeluar should return 400 if user has already clocked out","invocations":1,"location":null,"numPassingAsserts":2,"retryReasons":[],"startAt":1766659550226,"status":"passed","title":"should return 400 if user has already clocked out"},{"ancestorTitles":["AbsensiController (OOP)","absenKeluar"],"duration":1,"failing":false,"failureDetails":[],"failureMessages":[],"fullName":"AbsensiController (OOP) absenKeluar should return 400 if checklist not submitted","invocations":1,"location":null,"numPassingAsserts":2,"retryReasons":[],"startAt":1766659550227,"status":"passed","title":"should return 400 if checklist not submitted"},{"ancestorTitles":["AbsensiController (OOP)","absenKeluar"],"duration":1,"failing":false,"failureDetails":[],"failureMessages":[],"fullName":"AbsensiController (OOP) absenKeluar should return 400 if duration is too short (less than 120 min)","invocations":1,"location":null,"numPassingAsserts":2,"retryReasons":[],"startAt":1766659550228,"status":"passed","title":"should return 400 if duration is too short (less than 120 min)"},{"ancestorTitles":["AbsensiController (OOP)","absenKeluar"],"duration":1,"failing":false,"failureDetails":[],"failureMessages":[],"fullName":"AbsensiController (OOP) absenKeluar should return 500 on database error during updateAbsenKeluar","invocations":1,"location":null,"numPassingAsserts":2,"retryReasons":[],"startAt":1766659550230,"status":"passed","title":"should return 500 on database error during updateAbsenKeluar"},{"ancestorTitles":["AbsensiController (OOP)","getAbsensiStatus"],"duration":1,"failing":false,"failureDetails":[],"failureMessages":[],"fullName":"AbsensiController (OOP) getAbsensiStatus should return the active session with status sedang if it is from today","invocations":1,"location":null,"numPassingAsserts":1,"retryReasons":[],"startAt":1766659550231,"status":"passed","title":"should return the active session with status sedang if it is from today"},{"ancestorTitles":["AbsensiController (OOP)","getAbsensiStatus"],"duration":1,"failing":false,"failureDetails":[],"failureMessages":[],"fullName":"AbsensiController (OOP) getAbsensiStatus should return status tidak_lengkap if active session is from yesterday","invocations":1,"location":null,"numPassingAsserts":1,"retryReasons":[],"startAt":1766659550232,"status":"passed","title":"should return status tidak_lengkap if active session is from yesterday"},{"ancestorTitles":["AbsensiController (OOP)","getAbsensiStatus"],"duration":1,"failing":false,"failureDetails":[],"failureMessages":[],"fullName":"AbsensiController (OOP) getAbsensiStatus should return 500 on database error","invocations":1,"location":null,"numPassingAsserts":2,"ret
[...]
Titles":["UserModel","Write and Update Operations"],"duration":1,"failing":false,"failureDetails":[],"failureMessages":[],"fullName":"UserModel Write and Update Operations createUser should call db.execute with all required parameters and default role","invocations":1,"location":null,"numPassingAsserts":2,"retryReasons":[],"startAt":1766659551557,"status":"passed","title":"createUser should call db.execute with all required parameters and default role"},{"ancestorTitles":["UserModel","Write and Update Operations"],"duration":1,"failing":false,"failureDetails":[],"failureMessages":[],"fullName":"UserModel Write and Update Operations createUser should apply default values for null/missing fields","invocations":1,"location":null,"numPassingAsserts":2,"retryReasons":[],"startAt":1766659551558,"status":"passed","title":"createUser should apply default values for null/missing fields"},{"ancestorTitles":["UserModel","Write and Update Operations"],"duration":0,"failing":false,"failureDetails":[],"failureMessages":[],"fullName":"UserModel Write and Update Operations updateUser should correctly update specified fields","invocations":1,"location":null,"numPassingAsserts":2,"retryReasons":[],"startAt":1766659551560,"status":"passed","title":"updateUser should correctly update specified fields"},{"ancestorTitles":["UserModel","Write and Update Operations"],"duration":0,"failing":false,"failureDetails":[],"failureMessages":[],"fullName":"UserModel Write and Update Operations updateProfile should update nama_lengkap and email","invocations":1,"location":null,"numPassingAsserts":2,"retryReasons":[],"startAt":1766659551561,"status":"passed","title":"updateProfile should update nama_lengkap and email"},{"ancestorTitles":["UserModel","Write and Update Operations"],"duration":1,"failing":false,"failureDetails":[],"failureMessages":[],"fullName":"UserModel Write and Update Operations updatePassword should update password field","invocations":1,"location":null,"numPassingAsserts":2,"retryReasons":[],"startAt":1766659551562,"status":"passed","title":"updatePassword should update password field"},{"ancestorTitles":["UserModel","Write and Update Operations"],"duration":1,"failing":false,"failureDetails":[],"failureMessages":[],"fullName":"UserModel Write and Update Operations updatePasswordAndClearToken should clear resetToken fields","invocations":1,"location":null,"numPassingAsserts":2,"retryReasons":[],"startAt":1766659551563,"status":"passed","title":"updatePasswordAndClearToken should clear resetToken fields"},{"ancestorTitles":["UserModel","Write and Update Operations"],"duration":1,"failing":false,"failureDetails":[],"failureMessages":[],"fullName":"UserModel Write and Update Operations updateResetToken should update token and expiry","invocations":1,"location":null,"numPassingAsserts":2,"retryReasons":[],"startAt":1766659551564,"status":"passed","title":"updateResetToken should update token and expiry"},{"ancestorTitles":["UserModel","Write and Update Operations"],"duration":1,"failing":false,"failureDetails":[],"failureMessages":[],"fullName":"UserModel Write and Update Operations deleteUser should execute DELETE FROM users and return affectedRows","invocations":1,"location":null,"numPassingAsserts":3,"retryReasons":[],"startAt":1766659551566,"status":"passed","title":"deleteUser should execute DELETE FROM users and return affectedRows"},{"ancestorTitles":["UserModel","Error Paths"],"duration":0,"failing":false,"failureDetails":[],"failureMessages":[],"fullName":"UserModel Error Paths findUserByEmail should return null on no rows found","invocations":1,"location":null,"numPassingAsserts":1,"retryReasons":[],"startAt":1766659551568,"status":"passed","title":"findUserByEmail should return null on no rows found"},{"ancestorTitles":["UserModel","Error Paths"],"duration":11,"failing":false,"failureDetails":[],"failureMessages":[],"fullName":"UserModel Error Paths updatePassword should throw error if db operation fails","invocations":1,"location":null,"numPassingAsserts":1,"retryReasons":[],"startAt":1766659551569,"status":"passed","title":"updatePassword should throw error if db operation fails"},{"ancestorTitles":["UserModel","Error Paths"],"duration":1,"failing":false,"failureDetails":[],"failureMessages":[],"fullName":"UserModel Error Paths findUserByNamaLengkap should throw error if query fails","invocations":1,"location":null,"numPassingAsserts":1,"retryReasons":[],"startAt":1766659551581,"status":"passed","title":"findUserByNamaLengkap should throw error if query fails"},{"ancestorTitles":["UserModel","Error Paths"],"duration":1,"failing":false,"failureDetails":[],"failureMessages":[],"fullName":"UserModel Error Paths getAllPengurus should throw error if db operation fails","invocations":1,"location":null,"numPassingAsserts":1,"retryReasons":[],"startAt":1766659551583,"status":"passed","title":"getAllPengurus should throw error if db operation fails"}],"endTime":1766659551586,"message":"","name":"C:\\Users\\acer\\project-ppsi\\backend\\tests\\models\\userModel.test.js","startTime":1766659551487,"status":"passed","summary":""},{"assertionResults":[{"ancestorTitles":["InventarisModel","Read/Select Operations"],"duration":0,"failing":false,"failureDetails":[],"failureMessages":[],"fullName":"InventarisModel Read/Select Operations findAllItems should select only specific fields for checklist","invocations":1,"location":null,"numPassingAsserts":3,"retryReasons":[],"startAt":1766659551646,"status":"passed","title":"findAllItems should select only specific fields for checklist"},{"ancestorTitles":["InventarisModel","Read/Select Operations"],"duration":1,"failing":false,"failureDetails":[],"failureMessages":[],"fullName":"InventarisModel Read/Select Operations getAllInventaris should call db.execute with correct ordering","invocations":1,"location":null,"numPassingAsserts":2,"retryReasons":[],"startAt":1766659551647,"status":"passed","title":"getAllInventaris should call db.execute with correct ordering"},{"ancestorTitles":["InventarisModel","Read/Select Operations"],"duration":1,"failing":false,"failureDetails":[],"failureMessages":[],"fullName":"InventarisModel Read/Select Operations findInventarisById should return null if no item found","invocations":1,"location":null,"numPassingAsserts":2,"retryReasons":[],"startAt":1766659551648,"status":"passed","title":"findInventarisById should return null if no item found"},{"ancestorTitles":["InventarisModel","Read/Select Operations"],"duration":1,"failing":false,"failureDetails":[],"failureMessages":[],"fullName":"InventarisModel Read/Select Operations findInventarisByName should return item ID and count","invocations":1,"location":null,"numPassingAsserts":3,"retryReasons":[],"startAt":1766659551650,"status":"passed","title":"findInventarisByName should return item ID and count"},{"ancestorTitles":["InventarisModel","Read/Select Operations"],"duration":1,"failing":false,"failureDetails":[],"failureMessages":[],"fullName":"InventarisModel Read/Select Operations findInventarisByName should return null if not found","invocations":1,"location":null,"numPassingAsserts":2,"retryReasons":[],"startAt":1766659551651,"status":"passed","title":"findInventarisByName should return null if not found"},{"ancestorTitles":["InventarisModel","Create Operations"],"duration":1,"failing":false,"failureDetails":[],"failureMessages":[],"fullName":"InventarisModel Create Operations createInventaris should call db.query with correct INSERT structure","invocations":1,"location":null,"numPassingAsserts":4,"retryReasons":[],"startAt":1766659551653,"status":"passed","title":"createInventaris should call db.query with correct INSERT structure"},{"ancestorTitles":["InventarisModel","Create Operations"],"duration":5,"failing":false,"failureDetails":[],"failureMessages":[],"fullName":"InventarisModel Create Operations createInventaris should throw error on query failure","invocations":1,"location":null,"numPassingAsserts":1,"retryReasons":[],"startAt":1766659551655,"status":"passed","title":"createInventaris should throw error on query failure"},{"ancestorTitles":["InventarisModel","Update/Bulk Operations"],"duration":1,"failing":false,"failureDetails":[],"failureMessages":[],"fullName":"InventarisModel Update/Bulk Operations updateInventarisQuantity should handle only jumlahTambahan (kodeBarang/status null)","invocations":1,"location":null,"numPassingAsserts":3,"retryReasons":[],"startAt":1766659551661,"status":"passed","title":"updateInventarisQuantity should handle only jumlahTambahan (kodeBarang/status null)"},{"ancestorTitles":["InventarisModel","Update/Bulk Operations"],"duration":0,"failing":false,"failureDetails":[],"failureMessages":[],"fullName":"InventarisModel Update/Bulk Operations updateInventarisQuantity should update all fields when provided","invocations":1,"location":null,"numPassingAsserts":2,"retryReasons":[],"startAt":1766659551663,"status":"passed","title":"updateInventarisQuantity should update all fields when provided"},{"ancestorTitles":["InventarisModel","Update/Bulk Operations"],"duration":1,"failing":false,"failureDetails":[],"failureMessages":[],"fullName":"InventarisModel Update/Bulk Operations updateStatus should update only the status field","invocations":1,"location":null,"numPassingAsserts":3,"retryReasons":[],"startAt":1766659551664,"status":"passed","title":"updateStatus should update only the status field"},{"ancestorTitles":["InventarisModel","Delete Operations"],"duration":0,"failing":false,"failureDetails":[],"failureMessages":[],"fullName":"InventarisModel Delete Operations deleteInventaris should call DELETE query and return affectedRows","invocations":1,"location":null,"numPassingAsserts":3,"retryReasons":[],"startAt":1766659551666,"status":"passed","title":"deleteInventaris should call DELETE query and return affectedRows"}],"endTime":1766659551668,"message":"","name":"C:\\Users\\acer\\project-ppsi\\backend\\tests\\models\\inventarisModel.test.js","startTime":1766659551595,"status":"passed","summary":""},{"assertionResults":[{"ancestorTitles":["InformasiModel","Read/Select Operations"],"duration":1,"failing":false,"failureDetails":[],"failureMessages":[],"fullName":"InformasiModel Read/Select Operations getAll should select all info and apply default ordering","invocations":1,"location":null,"numPassingAsserts":3,"retryReasons":[],"startAt":1766659551715,"status":"passed","title":"getAll should select all info and apply default ordering"},{"ancestorTitles":["InformasiModel","Read/Select Operations"],"duration":0,"failing":false,"failureDetails":[],"failureMessages":[],"fullName":"InformasiModel Read/Select Operations getAll should apply WHERE clause when kategori is provided","invocations":1,"location":null,"numPassingAsserts":3,"retryReasons":[],"startAt":1766659551717,"status":"passed","title":"getAll should apply WHERE clause when kategori is provided"},{"ancestorTitles":["InformasiModel","Read/Select Operations"],"duration":0,"failing":false,"failureDetails":[],"failureMessages":[],"fullName":"InformasiModel Read/Select Operations findById should select a single row by ID","invocations":1,"location":null,"numPassingAsserts":4,"retryReasons":[],"startAt":1766659551718,"status":"passed","title":"findById should select a single row by ID"},{"ancestorTitles":["InformasiModel","Read/Select Operations"],"duration":1,"failing":false,"failureDetails":[],"failureMessages":[],"fullName":"InformasiModel Read/Select Operations findById should return null if no row is found","invocations":1,"location":null,"numPassingAsserts":1,"retryReasons":[],"startAt":1766659551719,"status":"passed","title":"findById should return null if no row is found"},{"ancestorTitles":["InformasiModel","Create Operations"],"duration":0,"failing":false,"failureDetails":[],"failureMessages":[],"fullName":"InformasiModel Create Operations create should insert new info using all provided values","invocations":1,"location":null,"numPassingAsserts":3,"retryReasons":[],"startAt":1766659551721,"status":"passed","title":"create should insert new info using all provided values"},{"ancestorTitles":["InformasiModel","Create Operations"],"duration":1,"failing":false,"failureDetails":[],"failureMessages":[],"fullName":"InformasiModel Create Operations create should apply default value for kategori and isi (using || operator)","invocations":1,"location":null,"numPassingAsserts":2,"retryReasons":[],"startAt":1766659551722,"status":"passed","title":"create should apply default value for kategori and isi (using || operator)"},{"ancestorTitles":["InformasiModel","Create Operations"],"duration":4,"failing":false,"failureDetails":[],"failureMessages":[],"fullName":"InformasiModel Create Operations create should throw error on query failure","invocations":1,"location":null,"numPassingAsserts":1,"retryReasons":[],"startAt":1766659551724,"status":"passed","title":"create should throw error on query failure"},{"ancestorTitles":["InformasiModel","Update Operations"],"duration":1,"failing":false,"failureDetails":[],"failureMessages":[],"fullName":"InformasiModel Update Operations update should use file_path column when file_path is provided","invocations":1,"location":null,"numPassingAsserts":3,"retryReasons":[],"startAt":1766659551729,"status":"passed","title":"update should use file_path column when file_path is provided"},{"ancestorTitles":["InformasiModel","Update Operations"],"duration":1,"failing":false,"failureDetails":[],"failureMessages":[],"fullName":"InformasiModel Update Operations update should omit file_path column when file_path is undefined","invocations":1,"location":null,"numPassingAsserts":3,"retryReasons":[],"startAt":1766659551731,"status":"passed","title":"update should omit file_path column when file_path is undefined"},{"ancestorTitles":["InformasiModel","Delete Operations"],"duration":0,"failing":false,"failureDetails":[],"failureMessages":[],"fullName":"InformasiModel Delete Operations delete should call DELETE query and return affectedRows","invocations":1,"location":null,"numPassingAsserts":4,"retryReasons":[],"startAt":1766659551733,"status":"passed","title":"delete should call DELETE query and return affectedRows"}],"endTime":1766659551734,"message":"","name":"C:\\Users\\acer\\project-ppsi\\backend\\tests\\models\\informasiModel.test.js","startTime":1766659551676,"status":"passed","summary":""},{"assertionResults":[{"ancestorTitles":["JadwalModel - Date-based System","getJadwalByDateRange"],"duration":1,"failing":false,"failureDetails":[],"failureMessages":[],"fullName":"JadwalModel - Date-based System getJadwalByDateRange should fetch jadwal between start and end date","invocations":1,"location":null,"numPassingAsserts":5,"retryReasons":[],"startAt":1766659551785,"status":"passed","title":"should fetch jadwal between start and end date"},{"ancestorTitles":["JadwalModel - Date-based System","getJadwalByDate"],"duration":1,"failing":false,"failureDetails":[],"failureMessages":[],"fullName":"JadwalModel - Date-based System getJadwalByDate should fetch jadwal for specific date","invocations":1,"location":null,"numPassingAsserts":3,"retryReasons":[],"startAt":1766659551787,"status":"passed","title":"should fetch jadwal for specific date"},{"ancestorTitles":["JadwalModel - Date-based System","getCurrentWeekSchedule"],"duration":1,"failing":false,"failureDetails":[],"failureMessages":[],"fullName":"JadwalModel - Date-based System getCurrentWeekSchedule should fetch current week schedule","invocations":1,"location":null,"numPassingAsserts":3,"retryReasons":[],"startAt":1766659551789,"status":"passed","title":"should fetch current week schedule"},{"ancestorTitles":["JadwalModel - Date-based System","getJadwalByMonth"],"duration":1,"failing":false,"failureDetails":[],"failureMessages":[],"fullName":"JadwalModel - Date-based System getJadwalByMonth should fetch jadwal for specific month","invocations":1,"location":null,"numPassingAsserts":3,"retryReasons":[],"startAt":1766659551790,"status":"passed","title":"should fetch jadwal for specific month"},{"ancestorTitles":["JadwalModel - Date-based System","insertJadwalByDate"],"duration":1,"failing":false,"failureDetails":[],"failureMessages":[],"fullName":"JadwalModel - Date-based System insertJadwalByDate should insert jadwal with userId, tanggal, and hari","invocations":1,"location":null,"numPassingAsserts":3,"retryReasons":[],"startAt":1766659551791,"status":"passed","title":"should insert jadwal with userId, tanggal, and hari"},{"ancestorTitles":["JadwalModel - Date-based System","deleteJadwalByDateRange"],"duration":1,"failing":false,"failureDetails":[],"failureMessages":[],"fullName":"JadwalModel - Date-based System deleteJadwalByDateRange should delete jadwal in date range","invocations":1,"location":null,"numPassingAsserts":3,"retryReasons":[],"startAt":1766659551793,"status":"passed","title":"should delete jadwal in date range"},{"ancestorTitles":["JadwalModel - Date-based System","deleteAllJadwal"],"duration":1,"failing":false,"failureDetails":[],"failureMessages":[],"fullName":"JadwalModel - Date-based System deleteAllJadwal should delete all jadwal","invocations":1,"location":null,"numPassingAsserts":3,"retryReasons":[],"startAt":1766659551794,"status":"passed","title":"should delete all jadwal"},{"ancestorTitles":["JadwalModel - Date-based System","deleteJadwalByDate"],"duration":1,"failing":false,"failureDetails":[],"failureMessages":[],"fullName":"JadwalModel - Date-based System deleteJadwalByDate should delete jadwal for specific date","invocations":1,"location":null,"numPassingAsserts":3,"retryReasons":[],"startAt":1766659551795,"status":"passed","title":"should delete jadwal for specific date"},{"ancestorTitles":["JadwalModel - Date-based System","deleteUserFromDate"],"duration":1,"failing":false,"failureDetails":[],"failureMessages":[],"fullName":"JadwalModel - Date-based System deleteUserFromDate should delete specific user from specific date","invocations":1,"location":null,"numPassingAsserts":3,"retryReasons":[],"startAt":1766659551796,"status":"passed","title":"should delete specific user from specific date"},{"ancestorTitles":["JadwalModel - Date-based System","isUserScheduled"],"duration":1,"failing":false,"failureDetails":[],"failureMessages":[],"fullName":"JadwalModel - Date-based System isUserScheduled should return true if user is scheduled","invocations":1,"location":null,"numPassingAsserts":1,"retryReasons":[],"startAt":1766659551798,"status":"passed","title":"should return true if user is scheduled"},{"ancestorTitles":["JadwalModel - Date-based System","isUserScheduled"],"duration":1,"failing":false,"failureDetails":[],"failureMessages":[],"fullName":"JadwalModel - Date-based System isUserScheduled should return false if user is not scheduled","invocations":1,"location":null,"numPassingAsserts":1,"retryReasons":[],"startAt":1766659551799,"status":"passed","title":"should return false if user is not scheduled"},{"ancestorTitles":["JadwalModel - Date-based System","getAssignmentCount"],"duration":3,"failing":false,"failureDetails":[],"failureMessages":[],"fullName":"JadwalModel - Date-based System getAssignmentCount should return count of assignments for date","invocations":1,"location":null,"numPassingAsserts":2,"retryReasons":[],"startAt":1766659551801,"status":"passed","title":"should return count of assignments for date"},{"ancestorTitles":["JadwalModel - Date-based System","getAbsensiStatusForToday"],"duration":2,"failing":false,"failureDetails":[],"failureMessages":[],"fullName":"JadwalModel - Date-based System getAbsensiStatusForToday should fetch absensi for specific date","invocations":1,"location":null,"numPassingAsserts":3,"retryReasons":[],"startAt":1766659551804,"status":"passed","title":"should fetch absensi for specific date"}],"endTime":1766659551807,"message":"","name":"C:\\Users\\acer\\project-ppsi\\backend\\tests\\models\\jadwalModel.test.js","startTime":1766659551742,"status":"passed","summary":""}],"wasInterrupted":false}
